[INFO] Scanning for projects...
[INFO] 
[INFO] ------------------------< com.despachantes:api >------------------------
[INFO] Building api 0.0.1-SNAPSHOT
[INFO]   from pom.xml
[INFO] --------------------------------[ jar ]---------------------------------
[INFO] 
[INFO] >>> spring-boot:3.4.3:run (default-cli) > test-compile @ api >>>
[INFO] 
[INFO] --- resources:3.3.1:resources (default-resources) @ api ---
[INFO] Copying 1 resource from src\main\resources to target\classes
[INFO] Copying 10 resources from src\main\resources to target\classes
[INFO] 
[INFO] --- compiler:3.13.0:compile (default-compile) @ api ---
[INFO] Nothing to compile - all classes are up to date.
[INFO] 
[INFO] --- resources:3.3.1:testResources (default-testResources) @ api ---
[INFO] skip non existing resourceDirectory C:\Users\mgaray\Documents\Personal\Proyectos\Despachantes\DespachantesV2\producto\backend\src\test\resources
[INFO] 
[INFO] --- compiler:3.13.0:testCompile (default-testCompile) @ api ---
[INFO] Nothing to compile - all classes are up to date.
[INFO] 
[INFO] <<< spring-boot:3.4.3:run (default-cli) < test-compile @ api <<<
[INFO] 
[INFO] 
[INFO] --- spring-boot:3.4.3:run (default-cli) @ api ---
[INFO] Attaching agents: []

  .   ____          _            __ _ _
 /\\ / ___'_ __ _ _(_)_ __  __ _ \ \ \ \
( ( )\___ | '_ | '_| | '_ \/ _` | \ \ \ \
 \\/  ___)| |_)| | | | | || (_| |  ) ) ) )
  '  |____| .__|_| |_|_| |_\__, | / / / /
 =========|_|==============|___/=/_/_/_/

 :: Spring Boot ::                (v3.4.3)

2026-04-03T13:46:52.913-03:00  INFO 29984 --- [despachantes-api] [           main] com.despachantes.api.ApiApplication      : Starting ApiApplication using Java 21.0.6 with PID 29984 (C:\Users\mgaray\Documents\Personal\Proyectos\Despachantes\DespachantesV2\producto\backend\target\classes started by mgaray in C:\Users\mgaray\Documents\Personal\Proyectos\Despachantes\DespachantesV2\producto\backend)
2026-04-03T13:46:52.913-03:00  INFO 29984 --- [despachantes-api] [           main] com.despachantes.api.ApiApplication      : No active profile set, falling back to 1 default profile: "default"
2026-04-03T13:46:53.971-03:00  INFO 29984 --- [despachantes-api] [           main] .s.d.r.c.RepositoryConfigurationDelegate : Bootstrapping Spring Data JPA repositories in DEFAULT mode.
2026-04-03T13:46:54.132-03:00  INFO 29984 --- [despachantes-api] [           main] .s.d.r.c.RepositoryConfigurationDelegate : Finished Spring Data repository scanning in 145 ms. Found 12 JPA repository interfaces.
2026-04-03T13:46:54.820-03:00  INFO 29984 --- [despachantes-api] [           main] o.s.b.w.embedded.tomcat.TomcatWebServer  : Tomcat initialized with port 8081 (http)
2026-04-03T13:46:54.834-03:00  INFO 29984 --- [despachantes-api] [           main] o.apache.catalina.core.StandardService   : Starting service [Tomcat]
2026-04-03T13:46:54.834-03:00  INFO 29984 --- [despachantes-api] [           main] o.apache.catalina.core.StandardEngine    : Starting Servlet engine: [Apache Tomcat/10.1.36]
2026-04-03T13:46:54.905-03:00  INFO 29984 --- [despachantes-api] [           main] o.a.c.c.C.[Tomcat].[localhost].[/]       : Initializing Spring embedded WebApplicationContext
2026-04-03T13:46:54.905-03:00  INFO 29984 --- [despachantes-api] [           main] w.s.c.ServletWebServerApplicationContext : Root WebApplicationContext: initialization completed in 1926 ms
2026-04-03T13:46:55.156-03:00  INFO 29984 --- [despachantes-api] [           main] com.zaxxer.hikari.HikariDataSource       : HikariPool-1 - Starting...
2026-04-03T13:46:55.368-03:00  INFO 29984 --- [despachantes-api] [           main] com.zaxxer.hikari.pool.HikariPool        : HikariPool-1 - Added connection org.postgresql.jdbc.PgConnection@1144a02b
2026-04-03T13:46:55.369-03:00  INFO 29984 --- [despachantes-api] [           main] com.zaxxer.hikari.HikariDataSource       : HikariPool-1 - Start completed.
2026-04-03T13:46:55.395-03:00  INFO 29984 --- [despachantes-api] [           main] org.flywaydb.core.FlywayExecutor         : Database: jdbc:postgresql://localhost:5433/despachantes_db (PostgreSQL 16.13)
2026-04-03T13:46:55.486-03:00  INFO 29984 --- [despachantes-api] [           main] o.f.core.internal.command.DbValidate     : Successfully validated 10 migrations (execution time 00:00.049s)
2026-04-03T13:46:55.514-03:00  INFO 29984 --- [despachantes-api] [           main] o.f.core.internal.command.DbMigrate      : Current version of schema "public": 010
2026-04-03T13:46:55.518-03:00  INFO 29984 --- [despachantes-api] [           main] o.f.core.internal.command.DbMigrate      : Schema "public" is up to date. No migration necessary.
2026-04-03T13:46:55.623-03:00  INFO 29984 --- [despachantes-api] [           main] o.hibernate.jpa.internal.util.LogHelper  : HHH000204: Processing PersistenceUnitInfo [name: default]
2026-04-03T13:46:55.672-03:00  INFO 29984 --- [despachantes-api] [           main] org.hibernate.Version                    : HHH000412: Hibernate ORM core version 6.6.8.Final
2026-04-03T13:46:55.706-03:00  INFO 29984 --- [despachantes-api] [           main] o.h.c.internal.RegionFactoryInitiator    : HHH000026: Second-level cache disabled
2026-04-03T13:46:55.995-03:00  INFO 29984 --- [despachantes-api] [           main] o.s.o.j.p.SpringPersistenceUnitInfo      : No LoadTimeWeaver setup: ignoring JPA class transformer
2026-04-03T13:46:56.058-03:00  WARN 29984 --- [despachantes-api] [           main] org.hibernate.orm.deprecation            : HHH90000025: PostgreSQLDialect does not need to be specified explicitly using 'hibernate.dialect' (remove the property setting and it will be selected by default)
2026-04-03T13:46:56.079-03:00  INFO 29984 --- [despachantes-api] [           main] org.hibernate.orm.connections.pooling    : HHH10001005: Database info:
	Database JDBC URL [Connecting through datasource 'HikariDataSource (HikariPool-1)']
	Database driver: undefined/unknown
	Database version: 16.13
	Autocommit mode: undefined/unknown
	Isolation level: undefined/unknown
	Minimum pool size: undefined/unknown
	Maximum pool size: undefined/unknown
2026-04-03T13:46:57.352-03:00  INFO 29984 --- [despachantes-api] [           main] o.h.e.t.j.p.i.JtaPlatformInitiator       : HHH000489: No JTA platform available (set 'hibernate.transaction.jta.platform' to enable JTA platform integration)
2026-04-03T13:46:57.412-03:00  INFO 29984 --- [despachantes-api] [           main] j.LocalContainerEntityManagerFactoryBean : Initialized JPA EntityManagerFactory for persistence unit 'default'
2026-04-03T13:46:58.446-03:00  WARN 29984 --- [despachantes-api] [           main] JpaBaseConfiguration$JpaWebConfiguration : spring.jpa.open-in-view is enabled by default. Therefore, database queries may be performed during view rendering. Explicitly configure spring.jpa.open-in-view to disable this warning
2026-04-03T13:46:58.467-03:00 DEBUG 29984 --- [despachantes-api] [           main] swordEncoderAuthenticationManagerBuilder : No authenticationProviders and no parentAuthenticationManager defined. Returning null.
2026-04-03T13:46:58.774-03:00 DEBUG 29984 --- [despachantes-api] [           main] o.s.s.web.DefaultSecurityFilterChain     : Will secure any request with filters: DisableEncodeUrlFilter, WebAsyncManagerIntegrationFilter, SecurityContextHolderFilter, HeaderWriterFilter, CorsFilter, LogoutFilter, BearerTokenAuthenticationFilter, RequestCacheAwareFilter, SecurityContextHolderAwareRequestFilter, AnonymousAuthenticationFilter, SessionManagementFilter, ExceptionTranslationFilter, AuthorizationFilter
2026-04-03T13:46:59.067-03:00  INFO 29984 --- [despachantes-api] [           main] o.s.b.w.embedded.tomcat.TomcatWebServer  : Tomcat started on port 8081 (http) with context path '/'
2026-04-03T13:46:59.077-03:00  INFO 29984 --- [despachantes-api] [           main] com.despachantes.api.ApiApplication      : Started ApiApplication in 6.797 seconds (process running for 7.369)
2026-04-03T14:14:20.737-03:00  INFO 29984 --- [despachantes-api] [nio-8081-exec-3] o.a.c.c.C.[Tomcat].[localhost].[/]       : Initializing Spring DispatcherServlet 'dispatcherServlet'
2026-04-03T14:14:20.737-03:00  INFO 29984 --- [despachantes-api] [nio-8081-exec-3] o.s.web.servlet.DispatcherServlet        : Initializing Servlet 'dispatcherServlet'
2026-04-03T14:14:20.738-03:00  INFO 29984 --- [despachantes-api] [nio-8081-exec-3] o.s.web.servlet.DispatcherServlet        : Completed initialization in 1 ms
2026-04-03T14:14:20.766-03:00 DEBUG 29984 --- [despachantes-api] [nio-8081-exec-7] o.s.security.web.FilterChainProxy        : Securing OPTIONS /api/v1/operations
2026-04-03T14:14:20.766-03:00 DEBUG 29984 --- [despachantes-api] [nio-8081-exec-2] o.s.security.web.FilterChainProxy        : Securing OPTIONS /api/v1/clients
2026-04-03T14:14:20.766-03:00 DEBUG 29984 --- [despachantes-api] [nio-8081-exec-4] o.s.security.web.FilterChainProxy        : Securing OPTIONS /api/v1/clients
2026-04-03T14:14:20.766-03:00 DEBUG 29984 --- [despachantes-api] [nio-8081-exec-1] o.s.security.web.FilterChainProxy        : Securing OPTIONS /api/v1/operations
2026-04-03T14:14:20.766-03:00 DEBUG 29984 --- [despachantes-api] [nio-8081-exec-3] o.s.security.web.FilterChainProxy        : Securing OPTIONS /api/v1/users/me/permissions
2026-04-03T14:14:20.808-03:00 DEBUG 29984 --- [despachantes-api] [nio-8081-exec-9] o.s.security.web.FilterChainProxy        : Securing GET /api/v1/operations
2026-04-03T14:14:20.808-03:00 DEBUG 29984 --- [despachantes-api] [nio-8081-exec-6] o.s.security.web.FilterChainProxy        : Securing GET /api/v1/users/me/permissions
2026-04-03T14:14:20.808-03:00 DEBUG 29984 --- [despachantes-api] [nio-8081-exec-8] o.s.security.web.FilterChainProxy        : Securing GET /api/v1/clients
2026-04-03T14:14:21.121-03:00 DEBUG 29984 --- [despachantes-api] [nio-8081-exec-9] o.s.s.o.s.r.a.JwtAuthenticationProvider  : Authenticated token
2026-04-03T14:14:21.121-03:00 DEBUG 29984 --- [despachantes-api] [nio-8081-exec-6] o.s.s.o.s.r.a.JwtAuthenticationProvider  : Authenticated token
2026-04-03T14:14:21.121-03:00 DEBUG 29984 --- [despachantes-api] [nio-8081-exec-8] o.s.s.o.s.r.a.JwtAuthenticationProvider  : Authenticated token
2026-04-03T14:14:21.121-03:00 DEBUG 29984 --- [despachantes-api] [nio-8081-exec-9] .s.r.w.a.BearerTokenAuthenticationFilter : Set SecurityContextHolder to JwtAuthenticationToken [Principal=org.springframework.security.oauth2.jwt.Jwt@c370a732, Credentials=[PROTECTED], Authenticated=true, Details=WebAuthenticationDetails [RemoteIpAddress=0:0:0:0:0:0:0:1, SessionId=null], Granted Authorities=[ROLE_JEFE]]
2026-04-03T14:14:21.121-03:00 DEBUG 29984 --- [despachantes-api] [nio-8081-exec-6] .s.r.w.a.BearerTokenAuthenticationFilter : Set SecurityContextHolder to JwtAuthenticationToken [Principal=org.springframework.security.oauth2.jwt.Jwt@c370a732, Credentials=[PROTECTED], Authenticated=true, Details=WebAuthenticationDetails [RemoteIpAddress=0:0:0:0:0:0:0:1, SessionId=null], Granted Authorities=[ROLE_JEFE]]
2026-04-03T14:14:21.121-03:00 DEBUG 29984 --- [despachantes-api] [nio-8081-exec-8] .s.r.w.a.BearerTokenAuthenticationFilter : Set SecurityContextHolder to JwtAuthenticationToken [Principal=org.springframework.security.oauth2.jwt.Jwt@c370a732, Credentials=[PROTECTED], Authenticated=true, Details=WebAuthenticationDetails [RemoteIpAddress=0:0:0:0:0:0:0:1, SessionId=null], Granted Authorities=[ROLE_JEFE]]
2026-04-03T14:14:21.130-03:00 DEBUG 29984 --- [despachantes-api] [nio-8081-exec-6] o.s.security.web.FilterChainProxy        : Secured GET /api/v1/users/me/permissions
2026-04-03T14:14:21.130-03:00 DEBUG 29984 --- [despachantes-api] [nio-8081-exec-9] o.s.security.web.FilterChainProxy        : Secured GET /api/v1/operations
2026-04-03T14:14:21.130-03:00 DEBUG 29984 --- [despachantes-api] [nio-8081-exec-8] o.s.security.web.FilterChainProxy        : Secured GET /api/v1/clients
2026-04-03T14:14:21.406-03:00 DEBUG 29984 --- [despachantes-api] [nio-8081-exec-5] o.s.security.web.FilterChainProxy        : Securing GET /api/v1/clients
2026-04-03T14:14:21.411-03:00 DEBUG 29984 --- [despachantes-api] [nio-8081-exec-5] o.s.s.o.s.r.a.JwtAuthenticationProvider  : Authenticated token
2026-04-03T14:14:21.411-03:00 DEBUG 29984 --- [despachantes-api] [nio-8081-exec-5] .s.r.w.a.BearerTokenAuthenticationFilter : Set SecurityContextHolder to JwtAuthenticationToken [Principal=org.springframework.security.oauth2.jwt.Jwt@c370a732, Credentials=[PROTECTED], Authenticated=true, Details=WebAuthenticationDetails [RemoteIpAddress=0:0:0:0:0:0:0:1, SessionId=null], Granted Authorities=[ROLE_JEFE]]
2026-04-03T14:14:21.411-03:00 DEBUG 29984 --- [despachantes-api] [nio-8081-exec-5] o.s.security.web.FilterChainProxy        : Secured GET /api/v1/clients
2026-04-03T14:14:21.453-03:00 DEBUG 29984 --- [despachantes-api] [io-8081-exec-10] o.s.security.web.FilterChainProxy        : Securing GET /api/v1/operations
2026-04-03T14:14:21.455-03:00 DEBUG 29984 --- [despachantes-api] [io-8081-exec-10] o.s.s.o.s.r.a.JwtAuthenticationProvider  : Authenticated token
2026-04-03T14:14:21.458-03:00 DEBUG 29984 --- [despachantes-api] [io-8081-exec-10] .s.r.w.a.BearerTokenAuthenticationFilter : Set SecurityContextHolder to JwtAuthenticationToken [Principal=org.springframework.security.oauth2.jwt.Jwt@c370a732, Credentials=[PROTECTED], Authenticated=true, Details=WebAuthenticationDetails [RemoteIpAddress=0:0:0:0:0:0:0:1, SessionId=null], Granted Authorities=[ROLE_JEFE]]
2026-04-03T14:14:21.458-03:00 DEBUG 29984 --- [despachantes-api] [io-8081-exec-10] o.s.security.web.FilterChainProxy        : Secured GET /api/v1/operations
2026-04-03T14:14:21.465-03:00 DEBUG 29984 --- [despachantes-api] [nio-8081-exec-4] o.s.security.web.FilterChainProxy        : Securing GET /api/v1/clients
2026-04-03T14:14:21.471-03:00 DEBUG 29984 --- [despachantes-api] [nio-8081-exec-4] o.s.s.o.s.r.a.JwtAuthenticationProvider  : Authenticated token
2026-04-03T14:14:21.471-03:00 DEBUG 29984 --- [despachantes-api] [nio-8081-exec-4] .s.r.w.a.BearerTokenAuthenticationFilter : Set SecurityContextHolder to JwtAuthenticationToken [Principal=org.springframework.security.oauth2.jwt.Jwt@c370a732, Credentials=[PROTECTED], Authenticated=true, Details=WebAuthenticationDetails [RemoteIpAddress=0:0:0:0:0:0:0:1, SessionId=null], Granted Authorities=[ROLE_JEFE]]
2026-04-03T14:14:21.472-03:00 DEBUG 29984 --- [despachantes-api] [nio-8081-exec-4] o.s.security.web.FilterChainProxy        : Secured GET /api/v1/clients
2026-04-03T14:14:21.493-03:00 DEBUG 29984 --- [despachantes-api] [nio-8081-exec-3] o.s.security.web.FilterChainProxy        : Securing GET /api/v1/clients
2026-04-03T14:14:21.497-03:00 DEBUG 29984 --- [despachantes-api] [nio-8081-exec-3] o.s.s.o.s.r.a.JwtAuthenticationProvider  : Authenticated token
2026-04-03T14:14:21.498-03:00 DEBUG 29984 --- [despachantes-api] [nio-8081-exec-3] .s.r.w.a.BearerTokenAuthenticationFilter : Set SecurityContextHolder to JwtAuthenticationToken [Principal=org.springframework.security.oauth2.jwt.Jwt@c370a732, Credentials=[PROTECTED], Authenticated=true, Details=WebAuthenticationDetails [RemoteIpAddress=0:0:0:0:0:0:0:1, SessionId=null], Granted Authorities=[ROLE_JEFE]]
2026-04-03T14:14:21.498-03:00 DEBUG 29984 --- [despachantes-api] [nio-8081-exec-3] o.s.security.web.FilterChainProxy        : Secured GET /api/v1/clients
2026-04-03T14:14:21.515-03:00 DEBUG 29984 --- [despachantes-api] [nio-8081-exec-7] o.s.security.web.FilterChainProxy        : Securing GET /api/v1/operations
2026-04-03T14:14:21.518-03:00 DEBUG 29984 --- [despachantes-api] [nio-8081-exec-7] o.s.s.o.s.r.a.JwtAuthenticationProvider  : Authenticated token
2026-04-03T14:14:21.518-03:00 DEBUG 29984 --- [despachantes-api] [nio-8081-exec-7] .s.r.w.a.BearerTokenAuthenticationFilter : Set SecurityContextHolder to JwtAuthenticationToken [Principal=org.springframework.security.oauth2.jwt.Jwt@c370a732, Credentials=[PROTECTED], Authenticated=true, Details=WebAuthenticationDetails [RemoteIpAddress=0:0:0:0:0:0:0:1, SessionId=null], Granted Authorities=[ROLE_JEFE]]
2026-04-03T14:14:21.520-03:00 DEBUG 29984 --- [despachantes-api] [nio-8081-exec-7] o.s.security.web.FilterChainProxy        : Secured GET /api/v1/operations
2026-04-03T14:14:21.559-03:00 DEBUG 29984 --- [despachantes-api] [nio-8081-exec-2] o.s.security.web.FilterChainProxy        : Securing GET /api/v1/operations
2026-04-03T14:14:21.562-03:00 DEBUG 29984 --- [despachantes-api] [nio-8081-exec-2] o.s.s.o.s.r.a.JwtAuthenticationProvider  : Authenticated token
2026-04-03T14:14:21.562-03:00 DEBUG 29984 --- [despachantes-api] [nio-8081-exec-2] .s.r.w.a.BearerTokenAuthenticationFilter : Set SecurityContextHolder to JwtAuthenticationToken [Principal=org.springframework.security.oauth2.jwt.Jwt@c370a732, Credentials=[PROTECTED], Authenticated=true, Details=WebAuthenticationDetails [RemoteIpAddress=0:0:0:0:0:0:0:1, SessionId=null], Granted Authorities=[ROLE_JEFE]]
2026-04-03T14:14:21.562-03:00 DEBUG 29984 --- [despachantes-api] [nio-8081-exec-2] o.s.security.web.FilterChainProxy        : Secured GET /api/v1/operations
2026-04-03T14:14:33.378-03:00 DEBUG 29984 --- [despachantes-api] [nio-8081-exec-1] o.s.security.web.FilterChainProxy        : Securing OPTIONS /api/v1/clients
2026-04-03T14:14:33.378-03:00 DEBUG 29984 --- [despachantes-api] [nio-8081-exec-8] o.s.security.web.FilterChainProxy        : Securing OPTIONS /api/v1/operations
2026-04-03T14:14:33.380-03:00 DEBUG 29984 --- [despachantes-api] [nio-8081-exec-5] o.s.security.web.FilterChainProxy        : Securing OPTIONS /api/v1/clients
2026-04-03T14:14:33.380-03:00 DEBUG 29984 --- [despachantes-api] [nio-8081-exec-6] o.s.security.web.FilterChainProxy        : Securing OPTIONS /api/v1/users/me/permissions
2026-04-03T14:14:33.380-03:00 DEBUG 29984 --- [despachantes-api] [nio-8081-exec-9] o.s.security.web.FilterChainProxy        : Securing OPTIONS /api/v1/operations
2026-04-03T14:14:33.386-03:00 DEBUG 29984 --- [despachantes-api] [nio-8081-exec-4] o.s.security.web.FilterChainProxy        : Securing GET /api/v1/clients
2026-04-03T14:14:33.387-03:00 DEBUG 29984 --- [despachantes-api] [nio-8081-exec-3] o.s.security.web.FilterChainProxy        : Securing GET /api/v1/operations
2026-04-03T14:14:33.387-03:00 DEBUG 29984 --- [despachantes-api] [io-8081-exec-10] o.s.security.web.FilterChainProxy        : Securing GET /api/v1/users/me/permissions
2026-04-03T14:14:33.389-03:00 DEBUG 29984 --- [despachantes-api] [nio-8081-exec-3] o.s.s.o.s.r.a.JwtAuthenticationProvider  : Authenticated token
2026-04-03T14:14:33.389-03:00 DEBUG 29984 --- [despachantes-api] [nio-8081-exec-4] o.s.s.o.s.r.a.JwtAuthenticationProvider  : Authenticated token
2026-04-03T14:14:33.389-03:00 DEBUG 29984 --- [despachantes-api] [nio-8081-exec-3] .s.r.w.a.BearerTokenAuthenticationFilter : Set SecurityContextHolder to JwtAuthenticationToken [Principal=org.springframework.security.oauth2.jwt.Jwt@c3731ec4, Credentials=[PROTECTED], Authenticated=true, Details=WebAuthenticationDetails [RemoteIpAddress=0:0:0:0:0:0:0:1, SessionId=null], Granted Authorities=[ROLE_JEFE]]
2026-04-03T14:14:33.389-03:00 DEBUG 29984 --- [despachantes-api] [nio-8081-exec-4] .s.r.w.a.BearerTokenAuthenticationFilter : Set SecurityContextHolder to JwtAuthenticationToken [Principal=org.springframework.security.oauth2.jwt.Jwt@c3731ec4, Credentials=[PROTECTED], Authenticated=true, Details=WebAuthenticationDetails [RemoteIpAddress=0:0:0:0:0:0:0:1, SessionId=null], Granted Authorities=[ROLE_JEFE]]
2026-04-03T14:14:33.389-03:00 DEBUG 29984 --- [despachantes-api] [nio-8081-exec-3] o.s.security.web.FilterChainProxy        : Secured GET /api/v1/operations
2026-04-03T14:14:33.389-03:00 DEBUG 29984 --- [despachantes-api] [nio-8081-exec-4] o.s.security.web.FilterChainProxy        : Secured GET /api/v1/clients
2026-04-03T14:14:33.390-03:00 DEBUG 29984 --- [despachantes-api] [io-8081-exec-10] o.s.s.o.s.r.a.JwtAuthenticationProvider  : Authenticated token
2026-04-03T14:14:33.390-03:00 DEBUG 29984 --- [despachantes-api] [io-8081-exec-10] .s.r.w.a.BearerTokenAuthenticationFilter : Set SecurityContextHolder to JwtAuthenticationToken [Principal=org.springframework.security.oauth2.jwt.Jwt@c3731ec4, Credentials=[PROTECTED], Authenticated=true, Details=WebAuthenticationDetails [RemoteIpAddress=0:0:0:0:0:0:0:1, SessionId=null], Granted Authorities=[ROLE_JEFE]]
2026-04-03T14:14:33.390-03:00 DEBUG 29984 --- [despachantes-api] [io-8081-exec-10] o.s.security.web.FilterChainProxy        : Secured GET /api/v1/users/me/permissions
2026-04-03T14:14:33.407-03:00 DEBUG 29984 --- [despachantes-api] [nio-8081-exec-7] o.s.security.web.FilterChainProxy        : Securing GET /api/v1/clients
2026-04-03T14:14:33.412-03:00 DEBUG 29984 --- [despachantes-api] [nio-8081-exec-7] o.s.s.o.s.r.a.JwtAuthenticationProvider  : Authenticated token
2026-04-03T14:14:33.413-03:00 DEBUG 29984 --- [despachantes-api] [nio-8081-exec-7] .s.r.w.a.BearerTokenAuthenticationFilter : Set SecurityContextHolder to JwtAuthenticationToken [Principal=org.springframework.security.oauth2.jwt.Jwt@c3731ec4, Credentials=[PROTECTED], Authenticated=true, Details=WebAuthenticationDetails [RemoteIpAddress=0:0:0:0:0:0:0:1, SessionId=null], Granted Authorities=[ROLE_JEFE]]
2026-04-03T14:14:33.413-03:00 DEBUG 29984 --- [despachantes-api] [nio-8081-exec-7] o.s.security.web.FilterChainProxy        : Secured GET /api/v1/clients
2026-04-03T14:14:33.445-03:00 DEBUG 29984 --- [despachantes-api] [nio-8081-exec-2] o.s.security.web.FilterChainProxy        : Securing GET /api/v1/operations
2026-04-03T14:14:33.448-03:00 DEBUG 29984 --- [despachantes-api] [nio-8081-exec-8] o.s.security.web.FilterChainProxy        : Securing GET /api/v1/clients
2026-04-03T14:14:33.449-03:00 DEBUG 29984 --- [despachantes-api] [nio-8081-exec-2] o.s.s.o.s.r.a.JwtAuthenticationProvider  : Authenticated token
2026-04-03T14:14:33.450-03:00 DEBUG 29984 --- [despachantes-api] [nio-8081-exec-2] .s.r.w.a.BearerTokenAuthenticationFilter : Set SecurityContextHolder to JwtAuthenticationToken [Principal=org.springframework.security.oauth2.jwt.Jwt@c3731ec4, Credentials=[PROTECTED], Authenticated=true, Details=WebAuthenticationDetails [RemoteIpAddress=0:0:0:0:0:0:0:1, SessionId=null], Granted Authorities=[ROLE_JEFE]]
2026-04-03T14:14:33.450-03:00 DEBUG 29984 --- [despachantes-api] [nio-8081-exec-2] o.s.security.web.FilterChainProxy        : Secured GET /api/v1/operations
2026-04-03T14:14:33.452-03:00 DEBUG 29984 --- [despachantes-api] [nio-8081-exec-8] o.s.s.o.s.r.a.JwtAuthenticationProvider  : Authenticated token
2026-04-03T14:14:33.453-03:00 DEBUG 29984 --- [despachantes-api] [nio-8081-exec-8] .s.r.w.a.BearerTokenAuthenticationFilter : Set SecurityContextHolder to JwtAuthenticationToken [Principal=org.springframework.security.oauth2.jwt.Jwt@c3731ec4, Credentials=[PROTECTED], Authenticated=true, Details=WebAuthenticationDetails [RemoteIpAddress=0:0:0:0:0:0:0:1, SessionId=null], Granted Authorities=[ROLE_JEFE]]
2026-04-03T14:14:33.453-03:00 DEBUG 29984 --- [despachantes-api] [nio-8081-exec-8] o.s.security.web.FilterChainProxy        : Secured GET /api/v1/clients
2026-04-03T14:14:33.471-03:00 DEBUG 29984 --- [despachantes-api] [nio-8081-exec-1] o.s.security.web.FilterChainProxy        : Securing GET /api/v1/clients
2026-04-03T14:14:33.475-03:00 DEBUG 29984 --- [despachantes-api] [nio-8081-exec-1] o.s.s.o.s.r.a.JwtAuthenticationProvider  : Authenticated token
2026-04-03T14:14:33.475-03:00 DEBUG 29984 --- [despachantes-api] [nio-8081-exec-1] .s.r.w.a.BearerTokenAuthenticationFilter : Set SecurityContextHolder to JwtAuthenticationToken [Principal=org.springframework.security.oauth2.jwt.Jwt@c3731ec4, Credentials=[PROTECTED], Authenticated=true, Details=WebAuthenticationDetails [RemoteIpAddress=0:0:0:0:0:0:0:1, SessionId=null], Granted Authorities=[ROLE_JEFE]]
2026-04-03T14:14:33.475-03:00 DEBUG 29984 --- [despachantes-api] [nio-8081-exec-1] o.s.security.web.FilterChainProxy        : Secured GET /api/v1/clients
2026-04-03T14:14:33.493-03:00 DEBUG 29984 --- [despachantes-api] [nio-8081-exec-9] o.s.security.web.FilterChainProxy        : Securing GET /api/v1/operations
2026-04-03T14:14:33.496-03:00 DEBUG 29984 --- [despachantes-api] [nio-8081-exec-9] o.s.s.o.s.r.a.JwtAuthenticationProvider  : Authenticated token
2026-04-03T14:14:33.496-03:00 DEBUG 29984 --- [despachantes-api] [nio-8081-exec-9] .s.r.w.a.BearerTokenAuthenticationFilter : Set SecurityContextHolder to JwtAuthenticationToken [Principal=org.springframework.security.oauth2.jwt.Jwt@c3731ec4, Credentials=[PROTECTED], Authenticated=true, Details=WebAuthenticationDetails [RemoteIpAddress=0:0:0:0:0:0:0:1, SessionId=null], Granted Authorities=[ROLE_JEFE]]
2026-04-03T14:14:33.497-03:00 DEBUG 29984 --- [despachantes-api] [nio-8081-exec-9] o.s.security.web.FilterChainProxy        : Secured GET /api/v1/operations
2026-04-03T14:14:33.530-03:00 DEBUG 29984 --- [despachantes-api] [nio-8081-exec-5] o.s.security.web.FilterChainProxy        : Securing GET /api/v1/operations
2026-04-03T14:14:33.533-03:00 DEBUG 29984 --- [despachantes-api] [nio-8081-exec-5] o.s.s.o.s.r.a.JwtAuthenticationProvider  : Authenticated token
2026-04-03T14:14:33.533-03:00 DEBUG 29984 --- [despachantes-api] [nio-8081-exec-5] .s.r.w.a.BearerTokenAuthenticationFilter : Set SecurityContextHolder to JwtAuthenticationToken [Principal=org.springframework.security.oauth2.jwt.Jwt@c3731ec4, Credentials=[PROTECTED], Authenticated=true, Details=WebAuthenticationDetails [RemoteIpAddress=0:0:0:0:0:0:0:1, SessionId=null], Granted Authorities=[ROLE_JEFE]]
2026-04-03T14:14:33.533-03:00 DEBUG 29984 --- [despachantes-api] [nio-8081-exec-5] o.s.security.web.FilterChainProxy        : Secured GET /api/v1/operations
2026-04-03T14:15:10.555-03:00 DEBUG 29984 --- [despachantes-api] [nio-8081-exec-6] o.s.security.web.FilterChainProxy        : Securing OPTIONS /api/v1/clients
2026-04-03T14:15:10.555-03:00 DEBUG 29984 --- [despachantes-api] [io-8081-exec-10] o.s.security.web.FilterChainProxy        : Securing OPTIONS /api/v1/operations
2026-04-03T14:15:10.555-03:00 DEBUG 29984 --- [despachantes-api] [nio-8081-exec-4] o.s.security.web.FilterChainProxy        : Securing OPTIONS /api/v1/users/me/permissions
2026-04-03T14:15:10.555-03:00 DEBUG 29984 --- [despachantes-api] [nio-8081-exec-7] o.s.security.web.FilterChainProxy        : Securing OPTIONS /api/v1/operations
2026-04-03T14:15:10.557-03:00 DEBUG 29984 --- [despachantes-api] [nio-8081-exec-3] o.s.security.web.FilterChainProxy        : Securing OPTIONS /api/v1/clients
2026-04-03T14:15:10.564-03:00 DEBUG 29984 --- [despachantes-api] [nio-8081-exec-8] o.s.security.web.FilterChainProxy        : Securing GET /api/v1/operations
2026-04-03T14:15:10.566-03:00 DEBUG 29984 --- [despachantes-api] [nio-8081-exec-1] o.s.security.web.FilterChainProxy        : Securing GET /api/v1/clients
2026-04-03T14:15:10.566-03:00 DEBUG 29984 --- [despachantes-api] [nio-8081-exec-2] o.s.security.web.FilterChainProxy        : Securing GET /api/v1/users/me/permissions
2026-04-03T14:15:10.567-03:00 DEBUG 29984 --- [despachantes-api] [nio-8081-exec-8] o.s.s.o.s.r.a.JwtAuthenticationProvider  : Authenticated token
2026-04-03T14:15:10.568-03:00 DEBUG 29984 --- [despachantes-api] [nio-8081-exec-1] o.s.s.o.s.r.a.JwtAuthenticationProvider  : Authenticated token
2026-04-03T14:15:10.568-03:00 DEBUG 29984 --- [despachantes-api] [nio-8081-exec-2] o.s.s.o.s.r.a.JwtAuthenticationProvider  : Authenticated token
2026-04-03T14:15:10.568-03:00 DEBUG 29984 --- [despachantes-api] [nio-8081-exec-8] .s.r.w.a.BearerTokenAuthenticationFilter : Set SecurityContextHolder to JwtAuthenticationToken [Principal=org.springframework.security.oauth2.jwt.Jwt@9a17e42a, Credentials=[PROTECTED], Authenticated=true, Details=WebAuthenticationDetails [RemoteIpAddress=0:0:0:0:0:0:0:1, SessionId=null], Granted Authorities=[ROLE_JEFE]]
2026-04-03T14:15:10.568-03:00 DEBUG 29984 --- [despachantes-api] [nio-8081-exec-1] .s.r.w.a.BearerTokenAuthenticationFilter : Set SecurityContextHolder to JwtAuthenticationToken [Principal=org.springframework.security.oauth2.jwt.Jwt@9a17e42a, Credentials=[PROTECTED], Authenticated=true, Details=WebAuthenticationDetails [RemoteIpAddress=0:0:0:0:0:0:0:1, SessionId=null], Granted Authorities=[ROLE_JEFE]]
2026-04-03T14:15:10.568-03:00 DEBUG 29984 --- [despachantes-api] [nio-8081-exec-2] .s.r.w.a.BearerTokenAuthenticationFilter : Set SecurityContextHolder to JwtAuthenticationToken [Principal=org.springframework.security.oauth2.jwt.Jwt@9a17e42a, Credentials=[PROTECTED], Authenticated=true, Details=WebAuthenticationDetails [RemoteIpAddress=0:0:0:0:0:0:0:1, SessionId=null], Granted Authorities=[ROLE_JEFE]]
2026-04-03T14:15:10.568-03:00 DEBUG 29984 --- [despachantes-api] [nio-8081-exec-8] o.s.security.web.FilterChainProxy        : Secured GET /api/v1/operations
2026-04-03T14:15:10.568-03:00 DEBUG 29984 --- [despachantes-api] [nio-8081-exec-1] o.s.security.web.FilterChainProxy        : Secured GET /api/v1/clients
2026-04-03T14:15:10.568-03:00 DEBUG 29984 --- [despachantes-api] [nio-8081-exec-2] o.s.security.web.FilterChainProxy        : Secured GET /api/v1/users/me/permissions
2026-04-03T14:15:10.587-03:00 DEBUG 29984 --- [despachantes-api] [nio-8081-exec-9] o.s.security.web.FilterChainProxy        : Securing GET /api/v1/clients
2026-04-03T14:15:10.590-03:00 DEBUG 29984 --- [despachantes-api] [nio-8081-exec-9] o.s.s.o.s.r.a.JwtAuthenticationProvider  : Authenticated token
2026-04-03T14:15:10.591-03:00 DEBUG 29984 --- [despachantes-api] [nio-8081-exec-9] .s.r.w.a.BearerTokenAuthenticationFilter : Set SecurityContextHolder to JwtAuthenticationToken [Principal=org.springframework.security.oauth2.jwt.Jwt@9a17e42a, Credentials=[PROTECTED], Authenticated=true, Details=WebAuthenticationDetails [RemoteIpAddress=0:0:0:0:0:0:0:1, SessionId=null], Granted Authorities=[ROLE_JEFE]]
2026-04-03T14:15:10.591-03:00 DEBUG 29984 --- [despachantes-api] [nio-8081-exec-9] o.s.security.web.FilterChainProxy        : Secured GET /api/v1/clients
2026-04-03T14:15:10.616-03:00 DEBUG 29984 --- [despachantes-api] [nio-8081-exec-5] o.s.security.web.FilterChainProxy        : Securing GET /api/v1/operations
2026-04-03T14:15:10.619-03:00 DEBUG 29984 --- [despachantes-api] [nio-8081-exec-5] o.s.s.o.s.r.a.JwtAuthenticationProvider  : Authenticated token
2026-04-03T14:15:10.619-03:00 DEBUG 29984 --- [despachantes-api] [nio-8081-exec-5] .s.r.w.a.BearerTokenAuthenticationFilter : Set SecurityContextHolder to JwtAuthenticationToken [Principal=org.springframework.security.oauth2.jwt.Jwt@9a17e42a, Credentials=[PROTECTED], Authenticated=true, Details=WebAuthenticationDetails [RemoteIpAddress=0:0:0:0:0:0:0:1, SessionId=null], Granted Authorities=[ROLE_JEFE]]
2026-04-03T14:15:10.619-03:00 DEBUG 29984 --- [despachantes-api] [nio-8081-exec-5] o.s.security.web.FilterChainProxy        : Secured GET /api/v1/operations
2026-04-03T14:15:10.628-03:00 DEBUG 29984 --- [despachantes-api] [nio-8081-exec-6] o.s.security.web.FilterChainProxy        : Securing GET /api/v1/clients
2026-04-03T14:15:10.631-03:00 DEBUG 29984 --- [despachantes-api] [nio-8081-exec-6] o.s.s.o.s.r.a.JwtAuthenticationProvider  : Authenticated token
2026-04-03T14:15:10.631-03:00 DEBUG 29984 --- [despachantes-api] [nio-8081-exec-6] .s.r.w.a.BearerTokenAuthenticationFilter : Set SecurityContextHolder to JwtAuthenticationToken [Principal=org.springframework.security.oauth2.jwt.Jwt@9a17e42a, Credentials=[PROTECTED], Authenticated=true, Details=WebAuthenticationDetails [RemoteIpAddress=0:0:0:0:0:0:0:1, SessionId=null], Granted Authorities=[ROLE_JEFE]]
2026-04-03T14:15:10.632-03:00 DEBUG 29984 --- [despachantes-api] [nio-8081-exec-6] o.s.security.web.FilterChainProxy        : Secured GET /api/v1/clients
2026-04-03T14:15:10.651-03:00 DEBUG 29984 --- [despachantes-api] [io-8081-exec-10] o.s.security.web.FilterChainProxy        : Securing GET /api/v1/clients
2026-04-03T14:15:10.654-03:00 DEBUG 29984 --- [despachantes-api] [io-8081-exec-10] o.s.s.o.s.r.a.JwtAuthenticationProvider  : Authenticated token
2026-04-03T14:15:10.654-03:00 DEBUG 29984 --- [despachantes-api] [io-8081-exec-10] .s.r.w.a.BearerTokenAuthenticationFilter : Set SecurityContextHolder to JwtAuthenticationToken [Principal=org.springframework.security.oauth2.jwt.Jwt@9a17e42a, Credentials=[PROTECTED], Authenticated=true, Details=WebAuthenticationDetails [RemoteIpAddress=0:0:0:0:0:0:0:1, SessionId=null], Granted Authorities=[ROLE_JEFE]]
2026-04-03T14:15:10.654-03:00 DEBUG 29984 --- [despachantes-api] [io-8081-exec-10] o.s.security.web.FilterChainProxy        : Secured GET /api/v1/clients
2026-04-03T14:15:10.665-03:00 DEBUG 29984 --- [despachantes-api] [nio-8081-exec-4] o.s.security.web.FilterChainProxy        : Securing GET /api/v1/operations
2026-04-03T14:15:10.667-03:00 DEBUG 29984 --- [despachantes-api] [nio-8081-exec-4] o.s.s.o.s.r.a.JwtAuthenticationProvider  : Authenticated token
2026-04-03T14:15:10.667-03:00 DEBUG 29984 --- [despachantes-api] [nio-8081-exec-4] .s.r.w.a.BearerTokenAuthenticationFilter : Set SecurityContextHolder to JwtAuthenticationToken [Principal=org.springframework.security.oauth2.jwt.Jwt@9a17e42a, Credentials=[PROTECTED], Authenticated=true, Details=WebAuthenticationDetails [RemoteIpAddress=0:0:0:0:0:0:0:1, SessionId=null], Granted Authorities=[ROLE_JEFE]]
2026-04-03T14:15:10.668-03:00 DEBUG 29984 --- [despachantes-api] [nio-8081-exec-4] o.s.security.web.FilterChainProxy        : Secured GET /api/v1/operations
2026-04-03T14:15:10.701-03:00 DEBUG 29984 --- [despachantes-api] [nio-8081-exec-7] o.s.security.web.FilterChainProxy        : Securing GET /api/v1/operations
2026-04-03T14:15:10.701-03:00 DEBUG 29984 --- [despachantes-api] [nio-8081-exec-7] o.s.s.o.s.r.a.JwtAuthenticationProvider  : Authenticated token
2026-04-03T14:15:10.701-03:00 DEBUG 29984 --- [despachantes-api] [nio-8081-exec-7] .s.r.w.a.BearerTokenAuthenticationFilter : Set SecurityContextHolder to JwtAuthenticationToken [Principal=org.springframework.security.oauth2.jwt.Jwt@9a17e42a, Credentials=[PROTECTED], Authenticated=true, Details=WebAuthenticationDetails [RemoteIpAddress=0:0:0:0:0:0:0:1, SessionId=null], Granted Authorities=[ROLE_JEFE]]
2026-04-03T14:15:10.701-03:00 DEBUG 29984 --- [despachantes-api] [nio-8081-exec-7] o.s.security.web.FilterChainProxy        : Secured GET /api/v1/operations
2026-04-03T14:15:13.455-03:00 DEBUG 29984 --- [despachantes-api] [nio-8081-exec-3] o.s.security.web.FilterChainProxy        : Securing GET /api/v1/clients
2026-04-03T14:15:13.456-03:00 DEBUG 29984 --- [despachantes-api] [nio-8081-exec-3] o.s.s.o.s.r.a.JwtAuthenticationProvider  : Authenticated token
2026-04-03T14:15:13.458-03:00 DEBUG 29984 --- [despachantes-api] [nio-8081-exec-3] .s.r.w.a.BearerTokenAuthenticationFilter : Set SecurityContextHolder to JwtAuthenticationToken [Principal=org.springframework.security.oauth2.jwt.Jwt@9a17e42a, Credentials=[PROTECTED], Authenticated=true, Details=WebAuthenticationDetails [RemoteIpAddress=0:0:0:0:0:0:0:1, SessionId=null], Granted Authorities=[ROLE_JEFE]]
2026-04-03T14:15:13.458-03:00 DEBUG 29984 --- [despachantes-api] [nio-8081-exec-3] o.s.security.web.FilterChainProxy        : Secured GET /api/v1/clients
2026-04-03T14:15:13.478-03:00 DEBUG 29984 --- [despachantes-api] [nio-8081-exec-1] o.s.security.web.FilterChainProxy        : Securing GET /api/v1/clients
2026-04-03T14:15:13.481-03:00 DEBUG 29984 --- [despachantes-api] [nio-8081-exec-1] o.s.s.o.s.r.a.JwtAuthenticationProvider  : Authenticated token
2026-04-03T14:15:13.481-03:00 DEBUG 29984 --- [despachantes-api] [nio-8081-exec-1] .s.r.w.a.BearerTokenAuthenticationFilter : Set SecurityContextHolder to JwtAuthenticationToken [Principal=org.springframework.security.oauth2.jwt.Jwt@9a17e42a, Credentials=[PROTECTED], Authenticated=true, Details=WebAuthenticationDetails [RemoteIpAddress=0:0:0:0:0:0:0:1, SessionId=null], Granted Authorities=[ROLE_JEFE]]
2026-04-03T14:15:13.481-03:00 DEBUG 29984 --- [despachantes-api] [nio-8081-exec-1] o.s.security.web.FilterChainProxy        : Secured GET /api/v1/clients
2026-04-03T14:15:16.126-03:00 DEBUG 29984 --- [despachantes-api] [nio-8081-exec-2] o.s.security.web.FilterChainProxy        : Securing OPTIONS /api/v1/operations
2026-04-03T14:15:16.126-03:00 DEBUG 29984 --- [despachantes-api] [nio-8081-exec-9] o.s.security.web.FilterChainProxy        : Securing OPTIONS /api/v1/operations
2026-04-03T14:15:16.130-03:00 DEBUG 29984 --- [despachantes-api] [nio-8081-exec-8] o.s.security.web.FilterChainProxy        : Securing GET /api/v1/operations
2026-04-03T14:15:16.134-03:00 DEBUG 29984 --- [despachantes-api] [nio-8081-exec-8] o.s.s.o.s.r.a.JwtAuthenticationProvider  : Authenticated token
2026-04-03T14:15:16.134-03:00 DEBUG 29984 --- [despachantes-api] [nio-8081-exec-8] .s.r.w.a.BearerTokenAuthenticationFilter : Set SecurityContextHolder to JwtAuthenticationToken [Principal=org.springframework.security.oauth2.jwt.Jwt@9a17e42a, Credentials=[PROTECTED], Authenticated=true, Details=WebAuthenticationDetails [RemoteIpAddress=0:0:0:0:0:0:0:1, SessionId=null], Granted Authorities=[ROLE_JEFE]]
2026-04-03T14:15:16.134-03:00 DEBUG 29984 --- [despachantes-api] [nio-8081-exec-8] o.s.security.web.FilterChainProxy        : Secured GET /api/v1/operations
2026-04-03T14:15:16.173-03:00 DEBUG 29984 --- [despachantes-api] [nio-8081-exec-6] o.s.security.web.FilterChainProxy        : Securing GET /api/v1/operations
2026-04-03T14:15:16.175-03:00 DEBUG 29984 --- [despachantes-api] [nio-8081-exec-6] o.s.s.o.s.r.a.JwtAuthenticationProvider  : Authenticated token
2026-04-03T14:15:16.175-03:00 DEBUG 29984 --- [despachantes-api] [nio-8081-exec-6] .s.r.w.a.BearerTokenAuthenticationFilter : Set SecurityContextHolder to JwtAuthenticationToken [Principal=org.springframework.security.oauth2.jwt.Jwt@9a17e42a, Credentials=[PROTECTED], Authenticated=true, Details=WebAuthenticationDetails [RemoteIpAddress=0:0:0:0:0:0:0:1, SessionId=null], Granted Authorities=[ROLE_JEFE]]
2026-04-03T14:15:16.176-03:00 DEBUG 29984 --- [despachantes-api] [nio-8081-exec-6] o.s.security.web.FilterChainProxy        : Secured GET /api/v1/operations
2026-04-03T14:15:18.055-03:00 DEBUG 29984 --- [despachantes-api] [nio-8081-exec-5] o.s.security.web.FilterChainProxy        : Securing OPTIONS /api/v1/workflow-states?operationType=TRANSITO
2026-04-03T14:15:18.056-03:00 DEBUG 29984 --- [despachantes-api] [io-8081-exec-10] o.s.security.web.FilterChainProxy        : Securing OPTIONS /api/v1/workflow-states?operationType=TRANSITO
2026-04-03T14:15:18.062-03:00 DEBUG 29984 --- [despachantes-api] [nio-8081-exec-4] o.s.security.web.FilterChainProxy        : Securing GET /api/v1/workflow-states?operationType=TRANSITO
2026-04-03T14:15:18.063-03:00 DEBUG 29984 --- [despachantes-api] [nio-8081-exec-4] o.s.s.o.s.r.a.JwtAuthenticationProvider  : Authenticated token
2026-04-03T14:15:18.064-03:00 DEBUG 29984 --- [despachantes-api] [nio-8081-exec-4] .s.r.w.a.BearerTokenAuthenticationFilter : Set SecurityContextHolder to JwtAuthenticationToken [Principal=org.springframework.security.oauth2.jwt.Jwt@9a17e42a, Credentials=[PROTECTED], Authenticated=true, Details=WebAuthenticationDetails [RemoteIpAddress=0:0:0:0:0:0:0:1, SessionId=null], Granted Authorities=[ROLE_JEFE]]
2026-04-03T14:15:18.064-03:00 DEBUG 29984 --- [despachantes-api] [nio-8081-exec-4] o.s.security.web.FilterChainProxy        : Secured GET /api/v1/workflow-states?operationType=TRANSITO
2026-04-03T14:15:18.108-03:00 DEBUG 29984 --- [despachantes-api] [nio-8081-exec-7] o.s.security.web.FilterChainProxy        : Securing GET /api/v1/workflow-states?operationType=TRANSITO
2026-04-03T14:15:18.109-03:00 DEBUG 29984 --- [despachantes-api] [nio-8081-exec-7] o.s.s.o.s.r.a.JwtAuthenticationProvider  : Authenticated token
2026-04-03T14:15:18.109-03:00 DEBUG 29984 --- [despachantes-api] [nio-8081-exec-7] .s.r.w.a.BearerTokenAuthenticationFilter : Set SecurityContextHolder to JwtAuthenticationToken [Principal=org.springframework.security.oauth2.jwt.Jwt@9a17e42a, Credentials=[PROTECTED], Authenticated=true, Details=WebAuthenticationDetails [RemoteIpAddress=0:0:0:0:0:0:0:1, SessionId=null], Granted Authorities=[ROLE_JEFE]]
2026-04-03T14:15:18.109-03:00 DEBUG 29984 --- [despachantes-api] [nio-8081-exec-7] o.s.security.web.FilterChainProxy        : Secured GET /api/v1/workflow-states?operationType=TRANSITO
2026-04-03T14:15:20.737-03:00 DEBUG 29984 --- [despachantes-api] [nio-8081-exec-1] o.s.security.web.FilterChainProxy        : Securing OPTIONS /api/v1/document-types
2026-04-03T14:15:20.737-03:00 DEBUG 29984 --- [despachantes-api] [nio-8081-exec-3] o.s.security.web.FilterChainProxy        : Securing OPTIONS /api/v1/documents/operation/6ab8313b-6b15-470f-be23-890dc0ad7502
2026-04-03T14:15:20.743-03:00 DEBUG 29984 --- [despachantes-api] [nio-8081-exec-2] o.s.security.web.FilterChainProxy        : Securing GET /api/v1/document-types
2026-04-03T14:15:20.743-03:00 DEBUG 29984 --- [despachantes-api] [nio-8081-exec-9] o.s.security.web.FilterChainProxy        : Securing GET /api/v1/documents/operation/6ab8313b-6b15-470f-be23-890dc0ad7502
2026-04-03T14:15:20.746-03:00 DEBUG 29984 --- [despachantes-api] [nio-8081-exec-9] o.s.s.o.s.r.a.JwtAuthenticationProvider  : Authenticated token
2026-04-03T14:15:20.746-03:00 DEBUG 29984 --- [despachantes-api] [nio-8081-exec-2] o.s.s.o.s.r.a.JwtAuthenticationProvider  : Authenticated token
2026-04-03T14:15:20.746-03:00 DEBUG 29984 --- [despachantes-api] [nio-8081-exec-9] .s.r.w.a.BearerTokenAuthenticationFilter : Set SecurityContextHolder to JwtAuthenticationToken [Principal=org.springframework.security.oauth2.jwt.Jwt@9a17e42a, Credentials=[PROTECTED], Authenticated=true, Details=WebAuthenticationDetails [RemoteIpAddress=0:0:0:0:0:0:0:1, SessionId=null], Granted Authorities=[ROLE_JEFE]]
2026-04-03T14:15:20.747-03:00 DEBUG 29984 --- [despachantes-api] [nio-8081-exec-2] .s.r.w.a.BearerTokenAuthenticationFilter : Set SecurityContextHolder to JwtAuthenticationToken [Principal=org.springframework.security.oauth2.jwt.Jwt@9a17e42a, Credentials=[PROTECTED], Authenticated=true, Details=WebAuthenticationDetails [RemoteIpAddress=0:0:0:0:0:0:0:1, SessionId=null], Granted Authorities=[ROLE_JEFE]]
2026-04-03T14:15:20.747-03:00 DEBUG 29984 --- [despachantes-api] [nio-8081-exec-9] o.s.security.web.FilterChainProxy        : Secured GET /api/v1/documents/operation/6ab8313b-6b15-470f-be23-890dc0ad7502
2026-04-03T14:15:20.747-03:00 DEBUG 29984 --- [despachantes-api] [nio-8081-exec-2] o.s.security.web.FilterChainProxy        : Secured GET /api/v1/document-types
2026-04-03T14:15:28.044-03:00 DEBUG 29984 --- [despachantes-api] [nio-8081-exec-8] o.s.security.web.FilterChainProxy        : Securing OPTIONS /api/v1/clients
2026-04-03T14:15:28.045-03:00 DEBUG 29984 --- [despachantes-api] [nio-8081-exec-6] o.s.security.web.FilterChainProxy        : Securing OPTIONS /api/v1/clients
2026-04-03T14:15:28.048-03:00 DEBUG 29984 --- [despachantes-api] [io-8081-exec-10] o.s.security.web.FilterChainProxy        : Securing GET /api/v1/clients
2026-04-03T14:15:28.048-03:00 DEBUG 29984 --- [despachantes-api] [io-8081-exec-10] o.s.s.o.s.r.a.JwtAuthenticationProvider  : Authenticated token
2026-04-03T14:15:28.048-03:00 DEBUG 29984 --- [despachantes-api] [io-8081-exec-10] .s.r.w.a.BearerTokenAuthenticationFilter : Set SecurityContextHolder to JwtAuthenticationToken [Principal=org.springframework.security.oauth2.jwt.Jwt@9a17e42a, Credentials=[PROTECTED], Authenticated=true, Details=WebAuthenticationDetails [RemoteIpAddress=0:0:0:0:0:0:0:1, SessionId=null], Granted Authorities=[ROLE_JEFE]]
2026-04-03T14:15:28.048-03:00 DEBUG 29984 --- [despachantes-api] [io-8081-exec-10] o.s.security.web.FilterChainProxy        : Secured GET /api/v1/clients
2026-04-03T14:15:28.068-03:00 DEBUG 29984 --- [despachantes-api] [nio-8081-exec-5] o.s.security.web.FilterChainProxy        : Securing GET /api/v1/clients
2026-04-03T14:15:28.068-03:00 DEBUG 29984 --- [despachantes-api] [nio-8081-exec-5] o.s.s.o.s.r.a.JwtAuthenticationProvider  : Authenticated token
2026-04-03T14:15:28.068-03:00 DEBUG 29984 --- [despachantes-api] [nio-8081-exec-5] .s.r.w.a.BearerTokenAuthenticationFilter : Set SecurityContextHolder to JwtAuthenticationToken [Principal=org.springframework.security.oauth2.jwt.Jwt@9a17e42a, Credentials=[PROTECTED], Authenticated=true, Details=WebAuthenticationDetails [RemoteIpAddress=0:0:0:0:0:0:0:1, SessionId=null], Granted Authorities=[ROLE_JEFE]]
2026-04-03T14:15:28.068-03:00 DEBUG 29984 --- [despachantes-api] [nio-8081-exec-5] o.s.security.web.FilterChainProxy        : Secured GET /api/v1/clients
2026-04-03T14:15:29.298-03:00 DEBUG 29984 --- [despachantes-api] [nio-8081-exec-4] o.s.security.web.FilterChainProxy        : Securing OPTIONS /api/v1/clients/dc0238fb-b885-4909-85a9-386305bdddcd
2026-04-03T14:15:29.298-03:00 DEBUG 29984 --- [despachantes-api] [nio-8081-exec-7] o.s.security.web.FilterChainProxy        : Securing OPTIONS /api/v1/clients/dc0238fb-b885-4909-85a9-386305bdddcd
2026-04-03T14:15:29.304-03:00 DEBUG 29984 --- [despachantes-api] [nio-8081-exec-1] o.s.security.web.FilterChainProxy        : Securing GET /api/v1/clients/dc0238fb-b885-4909-85a9-386305bdddcd
2026-04-03T14:15:29.304-03:00 DEBUG 29984 --- [despachantes-api] [nio-8081-exec-1] o.s.s.o.s.r.a.JwtAuthenticationProvider  : Authenticated token
2026-04-03T14:15:29.304-03:00 DEBUG 29984 --- [despachantes-api] [nio-8081-exec-1] .s.r.w.a.BearerTokenAuthenticationFilter : Set SecurityContextHolder to JwtAuthenticationToken [Principal=org.springframework.security.oauth2.jwt.Jwt@9a17e42a, Credentials=[PROTECTED], Authenticated=true, Details=WebAuthenticationDetails [RemoteIpAddress=0:0:0:0:0:0:0:1, SessionId=null], Granted Authorities=[ROLE_JEFE]]
2026-04-03T14:15:29.304-03:00 DEBUG 29984 --- [despachantes-api] [nio-8081-exec-1] o.s.security.web.FilterChainProxy        : Secured GET /api/v1/clients/dc0238fb-b885-4909-85a9-386305bdddcd
2026-04-03T14:15:29.325-03:00 DEBUG 29984 --- [despachantes-api] [nio-8081-exec-3] o.s.security.web.FilterChainProxy        : Securing GET /api/v1/clients/dc0238fb-b885-4909-85a9-386305bdddcd
2026-04-03T14:15:29.327-03:00 DEBUG 29984 --- [despachantes-api] [nio-8081-exec-3] o.s.s.o.s.r.a.JwtAuthenticationProvider  : Authenticated token
2026-04-03T14:15:29.327-03:00 DEBUG 29984 --- [despachantes-api] [nio-8081-exec-3] .s.r.w.a.BearerTokenAuthenticationFilter : Set SecurityContextHolder to JwtAuthenticationToken [Principal=org.springframework.security.oauth2.jwt.Jwt@9a17e42a, Credentials=[PROTECTED], Authenticated=true, Details=WebAuthenticationDetails [RemoteIpAddress=0:0:0:0:0:0:0:1, SessionId=null], Granted Authorities=[ROLE_JEFE]]
2026-04-03T14:15:29.327-03:00 DEBUG 29984 --- [despachantes-api] [nio-8081-exec-3] o.s.security.web.FilterChainProxy        : Secured GET /api/v1/clients/dc0238fb-b885-4909-85a9-386305bdddcd
2026-04-03T14:15:31.165-03:00 DEBUG 29984 --- [despachantes-api] [nio-8081-exec-2] o.s.security.web.FilterChainProxy        : Securing OPTIONS /api/v1/operations/client/dc0238fb-b885-4909-85a9-386305bdddcd
2026-04-03T14:15:31.169-03:00 DEBUG 29984 --- [despachantes-api] [nio-8081-exec-9] o.s.security.web.FilterChainProxy        : Securing GET /api/v1/operations/client/dc0238fb-b885-4909-85a9-386305bdddcd
2026-04-03T14:15:31.169-03:00 DEBUG 29984 --- [despachantes-api] [nio-8081-exec-9] o.s.s.o.s.r.a.JwtAuthenticationProvider  : Authenticated token
2026-04-03T14:15:31.169-03:00 DEBUG 29984 --- [despachantes-api] [nio-8081-exec-9] .s.r.w.a.BearerTokenAuthenticationFilter : Set SecurityContextHolder to JwtAuthenticationToken [Principal=org.springframework.security.oauth2.jwt.Jwt@9a17e42a, Credentials=[PROTECTED], Authenticated=true, Details=WebAuthenticationDetails [RemoteIpAddress=0:0:0:0:0:0:0:1, SessionId=null], Granted Authorities=[ROLE_JEFE]]
2026-04-03T14:15:31.169-03:00 DEBUG 29984 --- [despachantes-api] [nio-8081-exec-9] o.s.security.web.FilterChainProxy        : Secured GET /api/v1/operations/client/dc0238fb-b885-4909-85a9-386305bdddcd
2026-04-03T14:15:32.050-03:00 DEBUG 29984 --- [despachantes-api] [nio-8081-exec-8] o.s.security.web.FilterChainProxy        : Securing OPTIONS /api/v1/workflow-states?operationType=IMPORTACION
2026-04-03T14:15:32.050-03:00 DEBUG 29984 --- [despachantes-api] [nio-8081-exec-6] o.s.security.web.FilterChainProxy        : Securing OPTIONS /api/v1/workflow-states?operationType=IMPORTACION
2026-04-03T14:15:32.058-03:00 DEBUG 29984 --- [despachantes-api] [io-8081-exec-10] o.s.security.web.FilterChainProxy        : Securing GET /api/v1/workflow-states?operationType=IMPORTACION
2026-04-03T14:15:32.060-03:00 DEBUG 29984 --- [despachantes-api] [io-8081-exec-10] o.s.s.o.s.r.a.JwtAuthenticationProvider  : Authenticated token
2026-04-03T14:15:32.060-03:00 DEBUG 29984 --- [despachantes-api] [io-8081-exec-10] .s.r.w.a.BearerTokenAuthenticationFilter : Set SecurityContextHolder to JwtAuthenticationToken [Principal=org.springframework.security.oauth2.jwt.Jwt@9a17e42a, Credentials=[PROTECTED], Authenticated=true, Details=WebAuthenticationDetails [RemoteIpAddress=0:0:0:0:0:0:0:1, SessionId=null], Granted Authorities=[ROLE_JEFE]]
2026-04-03T14:15:32.061-03:00 DEBUG 29984 --- [despachantes-api] [io-8081-exec-10] o.s.security.web.FilterChainProxy        : Secured GET /api/v1/workflow-states?operationType=IMPORTACION
2026-04-03T14:15:32.078-03:00 DEBUG 29984 --- [despachantes-api] [nio-8081-exec-5] o.s.security.web.FilterChainProxy        : Securing GET /api/v1/workflow-states?operationType=IMPORTACION
2026-04-03T14:15:32.080-03:00 DEBUG 29984 --- [despachantes-api] [nio-8081-exec-5] o.s.s.o.s.r.a.JwtAuthenticationProvider  : Authenticated token
2026-04-03T14:15:32.080-03:00 DEBUG 29984 --- [despachantes-api] [nio-8081-exec-5] .s.r.w.a.BearerTokenAuthenticationFilter : Set SecurityContextHolder to JwtAuthenticationToken [Principal=org.springframework.security.oauth2.jwt.Jwt@9a17e42a, Credentials=[PROTECTED], Authenticated=true, Details=WebAuthenticationDetails [RemoteIpAddress=0:0:0:0:0:0:0:1, SessionId=null], Granted Authorities=[ROLE_JEFE]]
2026-04-03T14:15:32.080-03:00 DEBUG 29984 --- [despachantes-api] [nio-8081-exec-5] o.s.security.web.FilterChainProxy        : Secured GET /api/v1/workflow-states?operationType=IMPORTACION
2026-04-03T14:15:33.312-03:00 DEBUG 29984 --- [despachantes-api] [nio-8081-exec-7] o.s.security.web.FilterChainProxy        : Securing OPTIONS /api/v1/document-types
2026-04-03T14:15:33.312-03:00 DEBUG 29984 --- [despachantes-api] [nio-8081-exec-4] o.s.security.web.FilterChainProxy        : Securing OPTIONS /api/v1/documents/operation/e73be81f-a307-4033-a566-b2640ab9cd5f
2026-04-03T14:15:33.314-03:00 DEBUG 29984 --- [despachantes-api] [nio-8081-exec-1] o.s.security.web.FilterChainProxy        : Securing GET /api/v1/document-types
2026-04-03T14:15:33.314-03:00 DEBUG 29984 --- [despachantes-api] [nio-8081-exec-3] o.s.security.web.FilterChainProxy        : Securing GET /api/v1/documents/operation/e73be81f-a307-4033-a566-b2640ab9cd5f
2026-04-03T14:15:33.320-03:00 DEBUG 29984 --- [despachantes-api] [nio-8081-exec-3] o.s.s.o.s.r.a.JwtAuthenticationProvider  : Authenticated token
2026-04-03T14:15:33.320-03:00 DEBUG 29984 --- [despachantes-api] [nio-8081-exec-1] o.s.s.o.s.r.a.JwtAuthenticationProvider  : Authenticated token
2026-04-03T14:15:33.320-03:00 DEBUG 29984 --- [despachantes-api] [nio-8081-exec-3] .s.r.w.a.BearerTokenAuthenticationFilter : Set SecurityContextHolder to JwtAuthenticationToken [Principal=org.springframework.security.oauth2.jwt.Jwt@9a17e42a, Credentials=[PROTECTED], Authenticated=true, Details=WebAuthenticationDetails [RemoteIpAddress=0:0:0:0:0:0:0:1, SessionId=null], Granted Authorities=[ROLE_JEFE]]
2026-04-03T14:15:33.320-03:00 DEBUG 29984 --- [despachantes-api] [nio-8081-exec-1] .s.r.w.a.BearerTokenAuthenticationFilter : Set SecurityContextHolder to JwtAuthenticationToken [Principal=org.springframework.security.oauth2.jwt.Jwt@9a17e42a, Credentials=[PROTECTED], Authenticated=true, Details=WebAuthenticationDetails [RemoteIpAddress=0:0:0:0:0:0:0:1, SessionId=null], Granted Authorities=[ROLE_JEFE]]
2026-04-03T14:15:33.333-03:00 DEBUG 29984 --- [despachantes-api] [nio-8081-exec-1] o.s.security.web.FilterChainProxy        : Secured GET /api/v1/document-types
2026-04-03T14:15:33.333-03:00 DEBUG 29984 --- [despachantes-api] [nio-8081-exec-3] o.s.security.web.FilterChainProxy        : Secured GET /api/v1/documents/operation/e73be81f-a307-4033-a566-b2640ab9cd5f
2026-04-03T14:15:36.075-03:00 DEBUG 29984 --- [despachantes-api] [nio-8081-exec-9] o.s.security.web.FilterChainProxy        : Securing OPTIONS /api/v1/documents/59e2f729-0d15-4cd9-a113-e113212fa2c5/shares
2026-04-03T14:15:36.075-03:00 DEBUG 29984 --- [despachantes-api] [nio-8081-exec-2] o.s.security.web.FilterChainProxy        : Securing OPTIONS /api/v1/documents/59e2f729-0d15-4cd9-a113-e113212fa2c5/shares
2026-04-03T14:15:36.083-03:00 DEBUG 29984 --- [despachantes-api] [nio-8081-exec-8] o.s.security.web.FilterChainProxy        : Securing POST /api/v1/documents/59e2f729-0d15-4cd9-a113-e113212fa2c5/shares
2026-04-03T14:15:36.083-03:00 DEBUG 29984 --- [despachantes-api] [nio-8081-exec-6] o.s.security.web.FilterChainProxy        : Securing POST /api/v1/documents/59e2f729-0d15-4cd9-a113-e113212fa2c5/shares
2026-04-03T14:15:36.085-03:00 DEBUG 29984 --- [despachantes-api] [nio-8081-exec-6] o.s.s.o.s.r.a.JwtAuthenticationProvider  : Authenticated token
2026-04-03T14:15:36.085-03:00 DEBUG 29984 --- [despachantes-api] [nio-8081-exec-8] o.s.s.o.s.r.a.JwtAuthenticationProvider  : Authenticated token
2026-04-03T14:15:36.085-03:00 DEBUG 29984 --- [despachantes-api] [nio-8081-exec-8] .s.r.w.a.BearerTokenAuthenticationFilter : Set SecurityContextHolder to JwtAuthenticationToken [Principal=org.springframework.security.oauth2.jwt.Jwt@9a17e42a, Credentials=[PROTECTED], Authenticated=true, Details=WebAuthenticationDetails [RemoteIpAddress=0:0:0:0:0:0:0:1, SessionId=null], Granted Authorities=[ROLE_JEFE]]
2026-04-03T14:15:36.085-03:00 DEBUG 29984 --- [despachantes-api] [nio-8081-exec-6] .s.r.w.a.BearerTokenAuthenticationFilter : Set SecurityContextHolder to JwtAuthenticationToken [Principal=org.springframework.security.oauth2.jwt.Jwt@9a17e42a, Credentials=[PROTECTED], Authenticated=true, Details=WebAuthenticationDetails [RemoteIpAddress=0:0:0:0:0:0:0:1, SessionId=null], Granted Authorities=[ROLE_JEFE]]
2026-04-03T14:15:36.087-03:00 DEBUG 29984 --- [despachantes-api] [nio-8081-exec-8] o.s.security.web.FilterChainProxy        : Secured POST /api/v1/documents/59e2f729-0d15-4cd9-a113-e113212fa2c5/shares
2026-04-03T14:15:36.087-03:00 DEBUG 29984 --- [despachantes-api] [nio-8081-exec-6] o.s.security.web.FilterChainProxy        : Secured POST /api/v1/documents/59e2f729-0d15-4cd9-a113-e113212fa2c5/shares
2026-04-03T14:15:36.126-03:00  INFO 29984 --- [despachantes-api] [nio-8081-exec-6] c.d.api.service.DocumentShareService     : Share creado para documento 59e2f729-0d15-4cd9-a113-e113212fa2c5 por usuario c9c45feb-2dcd-4def-bf32-6c323753fbd1, vence 2026-04-10T14:15:36.117616400
2026-04-03T14:15:36.126-03:00  INFO 29984 --- [despachantes-api] [nio-8081-exec-8] c.d.api.service.DocumentShareService     : Share creado para documento 59e2f729-0d15-4cd9-a113-e113212fa2c5 por usuario c9c45feb-2dcd-4def-bf32-6c323753fbd1, vence 2026-04-10T14:15:36.117616400
2026-04-03T14:15:43.453-03:00 DEBUG 29984 --- [despachantes-api] [io-8081-exec-10] o.s.security.web.FilterChainProxy        : Securing OPTIONS /api/v1/documents/59e2f729-0d15-4cd9-a113-e113212fa2c5/shares
2026-04-03T14:15:43.453-03:00 DEBUG 29984 --- [despachantes-api] [nio-8081-exec-5] o.s.security.web.FilterChainProxy        : Securing OPTIONS /api/v1/documents/59e2f729-0d15-4cd9-a113-e113212fa2c5/shares
2026-04-03T14:15:43.458-03:00 DEBUG 29984 --- [despachantes-api] [nio-8081-exec-7] o.s.security.web.FilterChainProxy        : Securing POST /api/v1/documents/59e2f729-0d15-4cd9-a113-e113212fa2c5/shares
2026-04-03T14:15:43.458-03:00 DEBUG 29984 --- [despachantes-api] [nio-8081-exec-4] o.s.security.web.FilterChainProxy        : Securing POST /api/v1/documents/59e2f729-0d15-4cd9-a113-e113212fa2c5/shares
2026-04-03T14:15:43.462-03:00 DEBUG 29984 --- [despachantes-api] [nio-8081-exec-4] o.s.s.o.s.r.a.JwtAuthenticationProvider  : Authenticated token
2026-04-03T14:15:43.463-03:00 DEBUG 29984 --- [despachantes-api] [nio-8081-exec-4] .s.r.w.a.BearerTokenAuthenticationFilter : Set SecurityContextHolder to JwtAuthenticationToken [Principal=org.springframework.security.oauth2.jwt.Jwt@9a17e42a, Credentials=[PROTECTED], Authenticated=true, Details=WebAuthenticationDetails [RemoteIpAddress=0:0:0:0:0:0:0:1, SessionId=null], Granted Authorities=[ROLE_JEFE]]
2026-04-03T14:15:43.463-03:00 DEBUG 29984 --- [despachantes-api] [nio-8081-exec-7] o.s.s.o.s.r.a.JwtAuthenticationProvider  : Authenticated token
2026-04-03T14:15:43.463-03:00 DEBUG 29984 --- [despachantes-api] [nio-8081-exec-7] .s.r.w.a.BearerTokenAuthenticationFilter : Set SecurityContextHolder to JwtAuthenticationToken [Principal=org.springframework.security.oauth2.jwt.Jwt@9a17e42a, Credentials=[PROTECTED], Authenticated=true, Details=WebAuthenticationDetails [RemoteIpAddress=0:0:0:0:0:0:0:1, SessionId=null], Granted Authorities=[ROLE_JEFE]]
2026-04-03T14:15:43.463-03:00 DEBUG 29984 --- [despachantes-api] [nio-8081-exec-4] o.s.security.web.FilterChainProxy        : Secured POST /api/v1/documents/59e2f729-0d15-4cd9-a113-e113212fa2c5/shares
2026-04-03T14:15:43.463-03:00 DEBUG 29984 --- [despachantes-api] [nio-8081-exec-7] o.s.security.web.FilterChainProxy        : Secured POST /api/v1/documents/59e2f729-0d15-4cd9-a113-e113212fa2c5/shares
2026-04-03T14:15:43.477-03:00  INFO 29984 --- [despachantes-api] [nio-8081-exec-7] c.d.api.service.DocumentShareService     : Share creado para documento 59e2f729-0d15-4cd9-a113-e113212fa2c5 por usuario c9c45feb-2dcd-4def-bf32-6c323753fbd1, vence 2026-04-10T14:15:43.477834600
2026-04-03T14:15:43.477-03:00  INFO 29984 --- [despachantes-api] [nio-8081-exec-4] c.d.api.service.DocumentShareService     : Share creado para documento 59e2f729-0d15-4cd9-a113-e113212fa2c5 por usuario c9c45feb-2dcd-4def-bf32-6c323753fbd1, vence 2026-04-10T14:15:43.475315400
2026-04-03T14:15:54.162-03:00 DEBUG 29984 --- [despachantes-api] [nio-8081-exec-1] o.s.security.web.FilterChainProxy        : Securing OPTIONS /api/v1/documents/shares/1ba56f100dd6406c9394e9b2d0b563b6f9223abd35cf4ceaa8495e674edce532/send-email
2026-04-03T14:15:54.164-03:00 DEBUG 29984 --- [despachantes-api] [nio-8081-exec-3] o.s.security.web.FilterChainProxy        : Securing POST /api/v1/documents/shares/1ba56f100dd6406c9394e9b2d0b563b6f9223abd35cf4ceaa8495e674edce532/send-email
2026-04-03T14:15:54.164-03:00 DEBUG 29984 --- [despachantes-api] [nio-8081-exec-3] o.s.s.o.s.r.a.JwtAuthenticationProvider  : Authenticated token
2026-04-03T14:15:54.164-03:00 DEBUG 29984 --- [despachantes-api] [nio-8081-exec-3] .s.r.w.a.BearerTokenAuthenticationFilter : Set SecurityContextHolder to JwtAuthenticationToken [Principal=org.springframework.security.oauth2.jwt.Jwt@9a17e42a, Credentials=[PROTECTED], Authenticated=true, Details=WebAuthenticationDetails [RemoteIpAddress=0:0:0:0:0:0:0:1, SessionId=null], Granted Authorities=[ROLE_JEFE]]
2026-04-03T14:15:54.164-03:00 DEBUG 29984 --- [despachantes-api] [nio-8081-exec-3] o.s.security.web.FilterChainProxy        : Secured POST /api/v1/documents/shares/1ba56f100dd6406c9394e9b2d0b563b6f9223abd35cf4ceaa8495e674edce532/send-email
2026-04-03T14:15:54.904-03:00  INFO 29984 --- [despachantes-api] [nio-8081-exec-3] c.d.api.service.NotificationService      : Email enviado a: mgaray1986@gmail.com
2026-04-03T14:16:31.520-03:00 DEBUG 29984 --- [despachantes-api] [nio-8081-exec-5] o.s.security.web.FilterChainProxy        : Securing OPTIONS /api/v1/documents/bebcc6d1-2afc-4bbb-b143-724ed4dbff45/shares
2026-04-03T14:16:31.520-03:00 DEBUG 29984 --- [despachantes-api] [nio-8081-exec-4] o.s.security.web.FilterChainProxy        : Securing OPTIONS /api/v1/documents/bebcc6d1-2afc-4bbb-b143-724ed4dbff45/shares
2026-04-03T14:16:31.525-03:00 DEBUG 29984 --- [despachantes-api] [nio-8081-exec-1] o.s.security.web.FilterChainProxy        : Securing POST /api/v1/documents/bebcc6d1-2afc-4bbb-b143-724ed4dbff45/shares
2026-04-03T14:16:31.525-03:00 DEBUG 29984 --- [despachantes-api] [nio-8081-exec-7] o.s.security.web.FilterChainProxy        : Securing POST /api/v1/documents/bebcc6d1-2afc-4bbb-b143-724ed4dbff45/shares
2026-04-03T14:16:31.528-03:00 DEBUG 29984 --- [despachantes-api] [nio-8081-exec-7] o.s.s.o.s.r.a.JwtAuthenticationProvider  : Authenticated token
2026-04-03T14:16:31.528-03:00 DEBUG 29984 --- [despachantes-api] [nio-8081-exec-1] o.s.s.o.s.r.a.JwtAuthenticationProvider  : Authenticated token
2026-04-03T14:16:31.528-03:00 DEBUG 29984 --- [despachantes-api] [nio-8081-exec-7] .s.r.w.a.BearerTokenAuthenticationFilter : Set SecurityContextHolder to JwtAuthenticationToken [Principal=org.springframework.security.oauth2.jwt.Jwt@9a17e42a, Credentials=[PROTECTED], Authenticated=true, Details=WebAuthenticationDetails [RemoteIpAddress=0:0:0:0:0:0:0:1, SessionId=null], Granted Authorities=[ROLE_JEFE]]
2026-04-03T14:16:31.528-03:00 DEBUG 29984 --- [despachantes-api] [nio-8081-exec-1] .s.r.w.a.BearerTokenAuthenticationFilter : Set SecurityContextHolder to JwtAuthenticationToken [Principal=org.springframework.security.oauth2.jwt.Jwt@9a17e42a, Credentials=[PROTECTED], Authenticated=true, Details=WebAuthenticationDetails [RemoteIpAddress=0:0:0:0:0:0:0:1, SessionId=null], Granted Authorities=[ROLE_JEFE]]
2026-04-03T14:16:31.529-03:00 DEBUG 29984 --- [despachantes-api] [nio-8081-exec-7] o.s.security.web.FilterChainProxy        : Secured POST /api/v1/documents/bebcc6d1-2afc-4bbb-b143-724ed4dbff45/shares
2026-04-03T14:16:31.529-03:00 DEBUG 29984 --- [despachantes-api] [nio-8081-exec-1] o.s.security.web.FilterChainProxy        : Secured POST /api/v1/documents/bebcc6d1-2afc-4bbb-b143-724ed4dbff45/shares
2026-04-03T14:16:31.540-03:00  INFO 29984 --- [despachantes-api] [nio-8081-exec-1] c.d.api.service.DocumentShareService     : Share creado para documento bebcc6d1-2afc-4bbb-b143-724ed4dbff45 por usuario c9c45feb-2dcd-4def-bf32-6c323753fbd1, vence 2026-04-10T14:16:31.540316500
2026-04-03T14:16:31.540-03:00  INFO 29984 --- [despachantes-api] [nio-8081-exec-7] c.d.api.service.DocumentShareService     : Share creado para documento bebcc6d1-2afc-4bbb-b143-724ed4dbff45 por usuario c9c45feb-2dcd-4def-bf32-6c323753fbd1, vence 2026-04-10T14:16:31.540316500
2026-04-03T14:16:36.396-03:00 DEBUG 29984 --- [despachantes-api] [nio-8081-exec-6] o.s.security.web.FilterChainProxy        : Securing POST /api/v1/documents/bebcc6d1-2afc-4bbb-b143-724ed4dbff45/shares
2026-04-03T14:16:36.396-03:00 DEBUG 29984 --- [despachantes-api] [nio-8081-exec-9] o.s.security.web.FilterChainProxy        : Securing POST /api/v1/documents/bebcc6d1-2afc-4bbb-b143-724ed4dbff45/shares
2026-04-03T14:16:36.398-03:00 DEBUG 29984 --- [despachantes-api] [nio-8081-exec-6] o.s.s.o.s.r.a.JwtAuthenticationProvider  : Authenticated token
2026-04-03T14:16:36.398-03:00 DEBUG 29984 --- [despachantes-api] [nio-8081-exec-9] o.s.s.o.s.r.a.JwtAuthenticationProvider  : Authenticated token
2026-04-03T14:16:36.398-03:00 DEBUG 29984 --- [despachantes-api] [nio-8081-exec-6] .s.r.w.a.BearerTokenAuthenticationFilter : Set SecurityContextHolder to JwtAuthenticationToken [Principal=org.springframework.security.oauth2.jwt.Jwt@9a17e42a, Credentials=[PROTECTED], Authenticated=true, Details=WebAuthenticationDetails [RemoteIpAddress=0:0:0:0:0:0:0:1, SessionId=null], Granted Authorities=[ROLE_JEFE]]
2026-04-03T14:16:36.398-03:00 DEBUG 29984 --- [despachantes-api] [nio-8081-exec-9] .s.r.w.a.BearerTokenAuthenticationFilter : Set SecurityContextHolder to JwtAuthenticationToken [Principal=org.springframework.security.oauth2.jwt.Jwt@9a17e42a, Credentials=[PROTECTED], Authenticated=true, Details=WebAuthenticationDetails [RemoteIpAddress=0:0:0:0:0:0:0:1, SessionId=null], Granted Authorities=[ROLE_JEFE]]
2026-04-03T14:16:36.398-03:00 DEBUG 29984 --- [despachantes-api] [nio-8081-exec-6] o.s.security.web.FilterChainProxy        : Secured POST /api/v1/documents/bebcc6d1-2afc-4bbb-b143-724ed4dbff45/shares
2026-04-03T14:16:36.398-03:00 DEBUG 29984 --- [despachantes-api] [nio-8081-exec-9] o.s.security.web.FilterChainProxy        : Secured POST /api/v1/documents/bebcc6d1-2afc-4bbb-b143-724ed4dbff45/shares
2026-04-03T14:16:36.418-03:00  INFO 29984 --- [despachantes-api] [nio-8081-exec-6] c.d.api.service.DocumentShareService     : Share creado para documento bebcc6d1-2afc-4bbb-b143-724ed4dbff45 por usuario c9c45feb-2dcd-4def-bf32-6c323753fbd1, vence 2026-04-10T14:16:36.418237800
2026-04-03T14:16:36.418-03:00  INFO 29984 --- [despachantes-api] [nio-8081-exec-9] c.d.api.service.DocumentShareService     : Share creado para documento bebcc6d1-2afc-4bbb-b143-724ed4dbff45 por usuario c9c45feb-2dcd-4def-bf32-6c323753fbd1, vence 2026-04-10T14:16:36.418237800
2026-04-03T14:16:39.856-03:00 DEBUG 29984 --- [despachantes-api] [nio-8081-exec-2] o.s.security.web.FilterChainProxy        : Securing OPTIONS /api/v1/documents/bebcc6d1-2afc-4bbb-b143-724ed4dbff45/shares
2026-04-03T14:16:39.856-03:00 DEBUG 29984 --- [despachantes-api] [nio-8081-exec-8] o.s.security.web.FilterChainProxy        : Securing OPTIONS /api/v1/documents/bebcc6d1-2afc-4bbb-b143-724ed4dbff45/shares
2026-04-03T14:16:39.863-03:00 DEBUG 29984 --- [despachantes-api] [io-8081-exec-10] o.s.security.web.FilterChainProxy        : Securing POST /api/v1/documents/bebcc6d1-2afc-4bbb-b143-724ed4dbff45/shares
2026-04-03T14:16:39.863-03:00 DEBUG 29984 --- [despachantes-api] [nio-8081-exec-3] o.s.security.web.FilterChainProxy        : Securing POST /api/v1/documents/bebcc6d1-2afc-4bbb-b143-724ed4dbff45/shares
2026-04-03T14:16:39.863-03:00 DEBUG 29984 --- [despachantes-api] [io-8081-exec-10] o.s.s.o.s.r.a.JwtAuthenticationProvider  : Authenticated token
2026-04-03T14:16:39.863-03:00 DEBUG 29984 --- [despachantes-api] [nio-8081-exec-3] o.s.s.o.s.r.a.JwtAuthenticationProvider  : Authenticated token
2026-04-03T14:16:39.863-03:00 DEBUG 29984 --- [despachantes-api] [io-8081-exec-10] .s.r.w.a.BearerTokenAuthenticationFilter : Set SecurityContextHolder to JwtAuthenticationToken [Principal=org.springframework.security.oauth2.jwt.Jwt@9a17e42a, Credentials=[PROTECTED], Authenticated=true, Details=WebAuthenticationDetails [RemoteIpAddress=0:0:0:0:0:0:0:1, SessionId=null], Granted Authorities=[ROLE_JEFE]]
2026-04-03T14:16:39.863-03:00 DEBUG 29984 --- [despachantes-api] [nio-8081-exec-3] .s.r.w.a.BearerTokenAuthenticationFilter : Set SecurityContextHolder to JwtAuthenticationToken [Principal=org.springframework.security.oauth2.jwt.Jwt@9a17e42a, Credentials=[PROTECTED], Authenticated=true, Details=WebAuthenticationDetails [RemoteIpAddress=0:0:0:0:0:0:0:1, SessionId=null], Granted Authorities=[ROLE_JEFE]]
2026-04-03T14:16:39.863-03:00 DEBUG 29984 --- [despachantes-api] [io-8081-exec-10] o.s.security.web.FilterChainProxy        : Secured POST /api/v1/documents/bebcc6d1-2afc-4bbb-b143-724ed4dbff45/shares
2026-04-03T14:16:39.863-03:00 DEBUG 29984 --- [despachantes-api] [nio-8081-exec-3] o.s.security.web.FilterChainProxy        : Secured POST /api/v1/documents/bebcc6d1-2afc-4bbb-b143-724ed4dbff45/shares
2026-04-03T14:16:39.877-03:00  INFO 29984 --- [despachantes-api] [io-8081-exec-10] c.d.api.service.DocumentShareService     : Share creado para documento bebcc6d1-2afc-4bbb-b143-724ed4dbff45 por usuario c9c45feb-2dcd-4def-bf32-6c323753fbd1, vence 2026-04-10T14:16:39.876739400
2026-04-03T14:16:39.877-03:00  INFO 29984 --- [despachantes-api] [nio-8081-exec-3] c.d.api.service.DocumentShareService     : Share creado para documento bebcc6d1-2afc-4bbb-b143-724ed4dbff45 por usuario c9c45feb-2dcd-4def-bf32-6c323753fbd1, vence 2026-04-10T14:16:39.876739400
2026-04-03T14:16:41.873-03:00 DEBUG 29984 --- [despachantes-api] [nio-8081-exec-4] o.s.security.web.FilterChainProxy        : Securing POST /api/v1/documents/bebcc6d1-2afc-4bbb-b143-724ed4dbff45/shares
2026-04-03T14:16:41.873-03:00 DEBUG 29984 --- [despachantes-api] [nio-8081-exec-5] o.s.security.web.FilterChainProxy        : Securing POST /api/v1/documents/bebcc6d1-2afc-4bbb-b143-724ed4dbff45/shares
2026-04-03T14:16:41.875-03:00 DEBUG 29984 --- [despachantes-api] [nio-8081-exec-4] o.s.s.o.s.r.a.JwtAuthenticationProvider  : Authenticated token
2026-04-03T14:16:41.875-03:00 DEBUG 29984 --- [despachantes-api] [nio-8081-exec-5] o.s.s.o.s.r.a.JwtAuthenticationProvider  : Authenticated token
2026-04-03T14:16:41.875-03:00 DEBUG 29984 --- [despachantes-api] [nio-8081-exec-4] .s.r.w.a.BearerTokenAuthenticationFilter : Set SecurityContextHolder to JwtAuthenticationToken [Principal=org.springframework.security.oauth2.jwt.Jwt@9a17e42a, Credentials=[PROTECTED], Authenticated=true, Details=WebAuthenticationDetails [RemoteIpAddress=0:0:0:0:0:0:0:1, SessionId=null], Granted Authorities=[ROLE_JEFE]]
2026-04-03T14:16:41.875-03:00 DEBUG 29984 --- [despachantes-api] [nio-8081-exec-5] .s.r.w.a.BearerTokenAuthenticationFilter : Set SecurityContextHolder to JwtAuthenticationToken [Principal=org.springframework.security.oauth2.jwt.Jwt@9a17e42a, Credentials=[PROTECTED], Authenticated=true, Details=WebAuthenticationDetails [RemoteIpAddress=0:0:0:0:0:0:0:1, SessionId=null], Granted Authorities=[ROLE_JEFE]]
2026-04-03T14:16:41.875-03:00 DEBUG 29984 --- [despachantes-api] [nio-8081-exec-4] o.s.security.web.FilterChainProxy        : Secured POST /api/v1/documents/bebcc6d1-2afc-4bbb-b143-724ed4dbff45/shares
2026-04-03T14:16:41.875-03:00 DEBUG 29984 --- [despachantes-api] [nio-8081-exec-5] o.s.security.web.FilterChainProxy        : Secured POST /api/v1/documents/bebcc6d1-2afc-4bbb-b143-724ed4dbff45/shares
2026-04-03T14:16:41.887-03:00  INFO 29984 --- [despachantes-api] [nio-8081-exec-5] c.d.api.service.DocumentShareService     : Share creado para documento bebcc6d1-2afc-4bbb-b143-724ed4dbff45 por usuario c9c45feb-2dcd-4def-bf32-6c323753fbd1, vence 2026-04-10T14:16:41.887404800
2026-04-03T14:16:41.887-03:00  INFO 29984 --- [despachantes-api] [nio-8081-exec-4] c.d.api.service.DocumentShareService     : Share creado para documento bebcc6d1-2afc-4bbb-b143-724ed4dbff45 por usuario c9c45feb-2dcd-4def-bf32-6c323753fbd1, vence 2026-04-10T14:16:41.887404800
2026-04-03T14:16:57.682-03:00 DEBUG 29984 --- [despachantes-api] [nio-8081-exec-1] o.s.security.web.FilterChainProxy        : Securing OPTIONS /api/v1/documents/shares/3c82752de3a244e8b1cb67a4297e4d37ab9e10b7b15e4b019966c3b723d69e0f/send-email
2026-04-03T14:16:57.687-03:00 DEBUG 29984 --- [despachantes-api] [nio-8081-exec-7] o.s.security.web.FilterChainProxy        : Securing POST /api/v1/documents/shares/3c82752de3a244e8b1cb67a4297e4d37ab9e10b7b15e4b019966c3b723d69e0f/send-email
2026-04-03T14:16:57.688-03:00 DEBUG 29984 --- [despachantes-api] [nio-8081-exec-7] o.s.s.o.s.r.a.JwtAuthenticationProvider  : Authenticated token
2026-04-03T14:16:57.688-03:00 DEBUG 29984 --- [despachantes-api] [nio-8081-exec-7] .s.r.w.a.BearerTokenAuthenticationFilter : Set SecurityContextHolder to JwtAuthenticationToken [Principal=org.springframework.security.oauth2.jwt.Jwt@9a17e42a, Credentials=[PROTECTED], Authenticated=true, Details=WebAuthenticationDetails [RemoteIpAddress=0:0:0:0:0:0:0:1, SessionId=null], Granted Authorities=[ROLE_JEFE]]
2026-04-03T14:16:57.688-03:00 DEBUG 29984 --- [despachantes-api] [nio-8081-exec-7] o.s.security.web.FilterChainProxy        : Secured POST /api/v1/documents/shares/3c82752de3a244e8b1cb67a4297e4d37ab9e10b7b15e4b019966c3b723d69e0f/send-email
2026-04-03T14:16:58.583-03:00  INFO 29984 --- [despachantes-api] [nio-8081-exec-7] c.d.api.service.NotificationService      : Email enviado a: mgaray@genexusconsulting.com
2026-04-03T16:25:15.223-03:00 DEBUG 29984 --- [despachantes-api] [nio-8081-exec-8] o.s.security.web.FilterChainProxy        : Securing OPTIONS /api/v1/documents/download/bebcc6d1-2afc-4bbb-b143-724ed4dbff45
2026-04-03T16:25:15.225-03:00 DEBUG 29984 --- [despachantes-api] [nio-8081-exec-2] o.s.security.web.FilterChainProxy        : Securing OPTIONS /api/v1/documents/download/bebcc6d1-2afc-4bbb-b143-724ed4dbff45
2026-04-03T16:25:15.229-03:00 DEBUG 29984 --- [despachantes-api] [nio-8081-exec-3] o.s.security.web.FilterChainProxy        : Securing GET /api/v1/documents/download/bebcc6d1-2afc-4bbb-b143-724ed4dbff45
2026-04-03T16:25:15.286-03:00 DEBUG 29984 --- [despachantes-api] [nio-8081-exec-3] o.s.s.o.s.r.a.JwtAuthenticationProvider  : Authenticated token
2026-04-03T16:25:15.286-03:00 DEBUG 29984 --- [despachantes-api] [nio-8081-exec-3] .s.r.w.a.BearerTokenAuthenticationFilter : Set SecurityContextHolder to JwtAuthenticationToken [Principal=org.springframework.security.oauth2.jwt.Jwt@9a17e42a, Credentials=[PROTECTED], Authenticated=true, Details=WebAuthenticationDetails [RemoteIpAddress=0:0:0:0:0:0:0:1, SessionId=null], Granted Authorities=[ROLE_JEFE]]
2026-04-03T16:25:15.286-03:00 DEBUG 29984 --- [despachantes-api] [nio-8081-exec-3] o.s.security.web.FilterChainProxy        : Secured GET /api/v1/documents/download/bebcc6d1-2afc-4bbb-b143-724ed4dbff45
2026-04-03T16:25:15.499-03:00 DEBUG 29984 --- [despachantes-api] [io-8081-exec-10] o.s.security.web.FilterChainProxy        : Securing GET /api/v1/documents/download/bebcc6d1-2afc-4bbb-b143-724ed4dbff45
2026-04-03T16:25:15.501-03:00 DEBUG 29984 --- [despachantes-api] [io-8081-exec-10] o.s.s.o.s.r.a.JwtAuthenticationProvider  : Authenticated token
2026-04-03T16:25:15.501-03:00 DEBUG 29984 --- [despachantes-api] [io-8081-exec-10] .s.r.w.a.BearerTokenAuthenticationFilter : Set SecurityContextHolder to JwtAuthenticationToken [Principal=org.springframework.security.oauth2.jwt.Jwt@9a17e42a, Credentials=[PROTECTED], Authenticated=true, Details=WebAuthenticationDetails [RemoteIpAddress=0:0:0:0:0:0:0:1, SessionId=null], Granted Authorities=[ROLE_JEFE]]
2026-04-03T16:25:15.501-03:00 DEBUG 29984 --- [despachantes-api] [io-8081-exec-10] o.s.security.web.FilterChainProxy        : Secured GET /api/v1/documents/download/bebcc6d1-2afc-4bbb-b143-724ed4dbff45
2026-04-03T16:25:30.164-03:00 DEBUG 29984 --- [despachantes-api] [nio-8081-exec-5] o.s.security.web.FilterChainProxy        : Securing OPTIONS /api/v1/clients
2026-04-03T16:25:30.166-03:00 DEBUG 29984 --- [despachantes-api] [nio-8081-exec-4] o.s.security.web.FilterChainProxy        : Securing OPTIONS /api/v1/clients
2026-04-03T16:25:30.174-03:00 DEBUG 29984 --- [despachantes-api] [nio-8081-exec-1] o.s.security.web.FilterChainProxy        : Securing GET /api/v1/clients
2026-04-03T16:25:30.176-03:00 DEBUG 29984 --- [despachantes-api] [nio-8081-exec-1] o.s.s.o.s.r.a.JwtAuthenticationProvider  : Authenticated token
2026-04-03T16:25:30.176-03:00 DEBUG 29984 --- [despachantes-api] [nio-8081-exec-1] .s.r.w.a.BearerTokenAuthenticationFilter : Set SecurityContextHolder to JwtAuthenticationToken [Principal=org.springframework.security.oauth2.jwt.Jwt@9a17e42a, Credentials=[PROTECTED], Authenticated=true, Details=WebAuthenticationDetails [RemoteIpAddress=0:0:0:0:0:0:0:1, SessionId=null], Granted Authorities=[ROLE_JEFE]]
2026-04-03T16:25:30.177-03:00 DEBUG 29984 --- [despachantes-api] [nio-8081-exec-1] o.s.security.web.FilterChainProxy        : Secured GET /api/v1/clients
2026-04-03T16:25:30.196-03:00 DEBUG 29984 --- [despachantes-api] [nio-8081-exec-7] o.s.security.web.FilterChainProxy        : Securing GET /api/v1/clients
2026-04-03T16:25:30.196-03:00 DEBUG 29984 --- [despachantes-api] [nio-8081-exec-7] o.s.s.o.s.r.a.JwtAuthenticationProvider  : Authenticated token
2026-04-03T16:25:30.196-03:00 DEBUG 29984 --- [despachantes-api] [nio-8081-exec-7] .s.r.w.a.BearerTokenAuthenticationFilter : Set SecurityContextHolder to JwtAuthenticationToken [Principal=org.springframework.security.oauth2.jwt.Jwt@9a17e42a, Credentials=[PROTECTED], Authenticated=true, Details=WebAuthenticationDetails [RemoteIpAddress=0:0:0:0:0:0:0:1, SessionId=null], Granted Authorities=[ROLE_JEFE]]
2026-04-03T16:25:30.196-03:00 DEBUG 29984 --- [despachantes-api] [nio-8081-exec-7] o.s.security.web.FilterChainProxy        : Secured GET /api/v1/clients
2026-04-03T16:25:32.813-03:00 DEBUG 29984 --- [despachantes-api] [nio-8081-exec-6] o.s.security.web.FilterChainProxy        : Securing OPTIONS /api/v1/operations
2026-04-03T16:25:32.813-03:00 DEBUG 29984 --- [despachantes-api] [nio-8081-exec-9] o.s.security.web.FilterChainProxy        : Securing OPTIONS /api/v1/operations
2026-04-03T16:25:32.817-03:00 DEBUG 29984 --- [despachantes-api] [nio-8081-exec-8] o.s.security.web.FilterChainProxy        : Securing GET /api/v1/operations
2026-04-03T16:25:32.820-03:00 DEBUG 29984 --- [despachantes-api] [nio-8081-exec-8] o.s.s.o.s.r.a.JwtAuthenticationProvider  : Authenticated token
2026-04-03T16:25:32.821-03:00 DEBUG 29984 --- [despachantes-api] [nio-8081-exec-8] .s.r.w.a.BearerTokenAuthenticationFilter : Set SecurityContextHolder to JwtAuthenticationToken [Principal=org.springframework.security.oauth2.jwt.Jwt@9a17e42a, Credentials=[PROTECTED], Authenticated=true, Details=WebAuthenticationDetails [RemoteIpAddress=0:0:0:0:0:0:0:1, SessionId=null], Granted Authorities=[ROLE_JEFE]]
2026-04-03T16:25:32.821-03:00 DEBUG 29984 --- [despachantes-api] [nio-8081-exec-8] o.s.security.web.FilterChainProxy        : Secured GET /api/v1/operations
2026-04-03T16:25:32.858-03:00 DEBUG 29984 --- [despachantes-api] [nio-8081-exec-2] o.s.security.web.FilterChainProxy        : Securing GET /api/v1/operations
2026-04-03T16:25:32.859-03:00 DEBUG 29984 --- [despachantes-api] [nio-8081-exec-2] o.s.s.o.s.r.a.JwtAuthenticationProvider  : Authenticated token
2026-04-03T16:25:32.859-03:00 DEBUG 29984 --- [despachantes-api] [nio-8081-exec-2] .s.r.w.a.BearerTokenAuthenticationFilter : Set SecurityContextHolder to JwtAuthenticationToken [Principal=org.springframework.security.oauth2.jwt.Jwt@9a17e42a, Credentials=[PROTECTED], Authenticated=true, Details=WebAuthenticationDetails [RemoteIpAddress=0:0:0:0:0:0:0:1, SessionId=null], Granted Authorities=[ROLE_JEFE]]
2026-04-03T16:25:32.859-03:00 DEBUG 29984 --- [despachantes-api] [nio-8081-exec-2] o.s.security.web.FilterChainProxy        : Secured GET /api/v1/operations
2026-04-03T16:25:34.606-03:00 DEBUG 29984 --- [despachantes-api] [nio-8081-exec-3] o.s.security.web.FilterChainProxy        : Securing GET /api/v1/clients
2026-04-03T16:25:34.608-03:00 DEBUG 29984 --- [despachantes-api] [nio-8081-exec-3] o.s.s.o.s.r.a.JwtAuthenticationProvider  : Authenticated token
2026-04-03T16:25:34.608-03:00 DEBUG 29984 --- [despachantes-api] [nio-8081-exec-3] .s.r.w.a.BearerTokenAuthenticationFilter : Set SecurityContextHolder to JwtAuthenticationToken [Principal=org.springframework.security.oauth2.jwt.Jwt@9a17e42a, Credentials=[PROTECTED], Authenticated=true, Details=WebAuthenticationDetails [RemoteIpAddress=0:0:0:0:0:0:0:1, SessionId=null], Granted Authorities=[ROLE_JEFE]]
2026-04-03T16:25:34.608-03:00 DEBUG 29984 --- [despachantes-api] [nio-8081-exec-3] o.s.security.web.FilterChainProxy        : Secured GET /api/v1/clients
2026-04-03T16:25:45.438-03:00 DEBUG 29984 --- [despachantes-api] [io-8081-exec-10] o.s.security.web.FilterChainProxy        : Securing OPTIONS /api/v1/workflow-states?operationType=IMPORTACION
2026-04-03T16:25:45.438-03:00 DEBUG 29984 --- [despachantes-api] [nio-8081-exec-5] o.s.security.web.FilterChainProxy        : Securing OPTIONS /api/v1/workflow-states?operationType=IMPORTACION
2026-04-03T16:25:45.442-03:00 DEBUG 29984 --- [despachantes-api] [nio-8081-exec-4] o.s.security.web.FilterChainProxy        : Securing GET /api/v1/workflow-states?operationType=IMPORTACION
2026-04-03T16:25:45.446-03:00 DEBUG 29984 --- [despachantes-api] [nio-8081-exec-4] o.s.s.o.s.r.a.JwtAuthenticationProvider  : Authenticated token
2026-04-03T16:25:45.446-03:00 DEBUG 29984 --- [despachantes-api] [nio-8081-exec-4] .s.r.w.a.BearerTokenAuthenticationFilter : Set SecurityContextHolder to JwtAuthenticationToken [Principal=org.springframework.security.oauth2.jwt.Jwt@9a17e42a, Credentials=[PROTECTED], Authenticated=true, Details=WebAuthenticationDetails [RemoteIpAddress=0:0:0:0:0:0:0:1, SessionId=null], Granted Authorities=[ROLE_JEFE]]
2026-04-03T16:25:45.446-03:00 DEBUG 29984 --- [despachantes-api] [nio-8081-exec-4] o.s.security.web.FilterChainProxy        : Secured GET /api/v1/workflow-states?operationType=IMPORTACION
2026-04-03T16:25:45.469-03:00 DEBUG 29984 --- [despachantes-api] [nio-8081-exec-1] o.s.security.web.FilterChainProxy        : Securing GET /api/v1/workflow-states?operationType=IMPORTACION
2026-04-03T16:25:45.471-03:00 DEBUG 29984 --- [despachantes-api] [nio-8081-exec-1] o.s.s.o.s.r.a.JwtAuthenticationProvider  : Authenticated token
2026-04-03T16:25:45.471-03:00 DEBUG 29984 --- [despachantes-api] [nio-8081-exec-1] .s.r.w.a.BearerTokenAuthenticationFilter : Set SecurityContextHolder to JwtAuthenticationToken [Principal=org.springframework.security.oauth2.jwt.Jwt@9a17e42a, Credentials=[PROTECTED], Authenticated=true, Details=WebAuthenticationDetails [RemoteIpAddress=0:0:0:0:0:0:0:1, SessionId=null], Granted Authorities=[ROLE_JEFE]]
2026-04-03T16:25:45.472-03:00 DEBUG 29984 --- [despachantes-api] [nio-8081-exec-1] o.s.security.web.FilterChainProxy        : Secured GET /api/v1/workflow-states?operationType=IMPORTACION
2026-04-03T16:25:47.017-03:00 DEBUG 29984 --- [despachantes-api] [nio-8081-exec-7] o.s.security.web.FilterChainProxy        : Securing OPTIONS /api/v1/documents/operation/e73be81f-a307-4033-a566-b2640ab9cd5f
2026-04-03T16:25:47.017-03:00 DEBUG 29984 --- [despachantes-api] [nio-8081-exec-9] o.s.security.web.FilterChainProxy        : Securing OPTIONS /api/v1/document-types
2026-04-03T16:25:47.022-03:00 DEBUG 29984 --- [despachantes-api] [nio-8081-exec-6] o.s.security.web.FilterChainProxy        : Securing GET /api/v1/document-types
2026-04-03T16:25:47.022-03:00 DEBUG 29984 --- [despachantes-api] [nio-8081-exec-8] o.s.security.web.FilterChainProxy        : Securing GET /api/v1/documents/operation/e73be81f-a307-4033-a566-b2640ab9cd5f
2026-04-03T16:25:47.024-03:00 DEBUG 29984 --- [despachantes-api] [nio-8081-exec-8] o.s.s.o.s.r.a.JwtAuthenticationProvider  : Authenticated token
2026-04-03T16:25:47.024-03:00 DEBUG 29984 --- [despachantes-api] [nio-8081-exec-8] .s.r.w.a.BearerTokenAuthenticationFilter : Set SecurityContextHolder to JwtAuthenticationToken [Principal=org.springframework.security.oauth2.jwt.Jwt@9a17e42a, Credentials=[PROTECTED], Authenticated=true, Details=WebAuthenticationDetails [RemoteIpAddress=0:0:0:0:0:0:0:1, SessionId=null], Granted Authorities=[ROLE_JEFE]]
2026-04-03T16:25:47.024-03:00 DEBUG 29984 --- [despachantes-api] [nio-8081-exec-6] o.s.s.o.s.r.a.JwtAuthenticationProvider  : Authenticated token
2026-04-03T16:25:47.024-03:00 DEBUG 29984 --- [despachantes-api] [nio-8081-exec-8] o.s.security.web.FilterChainProxy        : Secured GET /api/v1/documents/operation/e73be81f-a307-4033-a566-b2640ab9cd5f
2026-04-03T16:25:47.024-03:00 DEBUG 29984 --- [despachantes-api] [nio-8081-exec-6] .s.r.w.a.BearerTokenAuthenticationFilter : Set SecurityContextHolder to JwtAuthenticationToken [Principal=org.springframework.security.oauth2.jwt.Jwt@9a17e42a, Credentials=[PROTECTED], Authenticated=true, Details=WebAuthenticationDetails [RemoteIpAddress=0:0:0:0:0:0:0:1, SessionId=null], Granted Authorities=[ROLE_JEFE]]
2026-04-03T16:25:47.024-03:00 DEBUG 29984 --- [despachantes-api] [nio-8081-exec-6] o.s.security.web.FilterChainProxy        : Secured GET /api/v1/document-types
2026-04-03T16:26:00.673-03:00 DEBUG 29984 --- [despachantes-api] [nio-8081-exec-2] o.s.security.web.FilterChainProxy        : Securing OPTIONS /api/v1/operations/e73be81f-a307-4033-a566-b2640ab9cd5f
2026-04-03T16:26:00.677-03:00 DEBUG 29984 --- [despachantes-api] [nio-8081-exec-3] o.s.security.web.FilterChainProxy        : Securing PUT /api/v1/operations/e73be81f-a307-4033-a566-b2640ab9cd5f
2026-04-03T16:26:00.680-03:00 DEBUG 29984 --- [despachantes-api] [nio-8081-exec-3] o.s.s.o.s.r.a.JwtAuthenticationProvider  : Authenticated token
2026-04-03T16:26:00.680-03:00 DEBUG 29984 --- [despachantes-api] [nio-8081-exec-3] .s.r.w.a.BearerTokenAuthenticationFilter : Set SecurityContextHolder to JwtAuthenticationToken [Principal=org.springframework.security.oauth2.jwt.Jwt@9a17e42a, Credentials=[PROTECTED], Authenticated=true, Details=WebAuthenticationDetails [RemoteIpAddress=0:0:0:0:0:0:0:1, SessionId=null], Granted Authorities=[ROLE_JEFE]]
2026-04-03T16:26:00.680-03:00 DEBUG 29984 --- [despachantes-api] [nio-8081-exec-3] o.s.security.web.FilterChainProxy        : Secured PUT /api/v1/operations/e73be81f-a307-4033-a566-b2640ab9cd5f
2026-04-03T16:26:11.650-03:00 DEBUG 29984 --- [despachantes-api] [nio-8081-exec-5] o.s.security.web.FilterChainProxy        : Securing OPTIONS /api/v1/contact-types?includeInactive=true
2026-04-03T16:26:11.650-03:00 DEBUG 29984 --- [despachantes-api] [io-8081-exec-10] o.s.security.web.FilterChainProxy        : Securing OPTIONS /api/v1/contact-types?includeInactive=true
2026-04-03T16:26:11.655-03:00 DEBUG 29984 --- [despachantes-api] [nio-8081-exec-4] o.s.security.web.FilterChainProxy        : Securing GET /api/v1/contact-types?includeInactive=true
2026-04-03T16:26:11.657-03:00 DEBUG 29984 --- [despachantes-api] [nio-8081-exec-4] o.s.s.o.s.r.a.JwtAuthenticationProvider  : Authenticated token
2026-04-03T16:26:11.657-03:00 DEBUG 29984 --- [despachantes-api] [nio-8081-exec-4] .s.r.w.a.BearerTokenAuthenticationFilter : Set SecurityContextHolder to JwtAuthenticationToken [Principal=org.springframework.security.oauth2.jwt.Jwt@9a17e42a, Credentials=[PROTECTED], Authenticated=true, Details=WebAuthenticationDetails [RemoteIpAddress=0:0:0:0:0:0:0:1, SessionId=null], Granted Authorities=[ROLE_JEFE]]
2026-04-03T16:26:11.657-03:00 DEBUG 29984 --- [despachantes-api] [nio-8081-exec-4] o.s.security.web.FilterChainProxy        : Secured GET /api/v1/contact-types?includeInactive=true
2026-04-03T16:26:11.675-03:00 DEBUG 29984 --- [despachantes-api] [nio-8081-exec-1] o.s.security.web.FilterChainProxy        : Securing GET /api/v1/contact-types?includeInactive=true
2026-04-03T16:26:11.676-03:00 DEBUG 29984 --- [despachantes-api] [nio-8081-exec-1] o.s.s.o.s.r.a.JwtAuthenticationProvider  : Authenticated token
2026-04-03T16:26:11.677-03:00 DEBUG 29984 --- [despachantes-api] [nio-8081-exec-1] .s.r.w.a.BearerTokenAuthenticationFilter : Set SecurityContextHolder to JwtAuthenticationToken [Principal=org.springframework.security.oauth2.jwt.Jwt@9a17e42a, Credentials=[PROTECTED], Authenticated=true, Details=WebAuthenticationDetails [RemoteIpAddress=0:0:0:0:0:0:0:1, SessionId=null], Granted Authorities=[ROLE_JEFE]]
2026-04-03T16:26:11.677-03:00 DEBUG 29984 --- [despachantes-api] [nio-8081-exec-1] o.s.security.web.FilterChainProxy        : Secured GET /api/v1/contact-types?includeInactive=true
2026-04-03T16:26:35.804-03:00 DEBUG 29984 --- [despachantes-api] [nio-8081-exec-9] o.s.security.web.FilterChainProxy        : Securing OPTIONS /api/v1/document-types
2026-04-03T16:26:35.804-03:00 DEBUG 29984 --- [despachantes-api] [nio-8081-exec-7] o.s.security.web.FilterChainProxy        : Securing OPTIONS /api/v1/document-types
2026-04-03T16:26:35.811-03:00 DEBUG 29984 --- [despachantes-api] [nio-8081-exec-6] o.s.security.web.FilterChainProxy        : Securing GET /api/v1/document-types
2026-04-03T16:26:35.813-03:00 DEBUG 29984 --- [despachantes-api] [nio-8081-exec-6] o.s.s.o.s.r.a.JwtAuthenticationProvider  : Authenticated token
2026-04-03T16:26:35.813-03:00 DEBUG 29984 --- [despachantes-api] [nio-8081-exec-6] .s.r.w.a.BearerTokenAuthenticationFilter : Set SecurityContextHolder to JwtAuthenticationToken [Principal=org.springframework.security.oauth2.jwt.Jwt@9a17e42a, Credentials=[PROTECTED], Authenticated=true, Details=WebAuthenticationDetails [RemoteIpAddress=0:0:0:0:0:0:0:1, SessionId=null], Granted Authorities=[ROLE_JEFE]]
2026-04-03T16:26:35.813-03:00 DEBUG 29984 --- [despachantes-api] [nio-8081-exec-6] o.s.security.web.FilterChainProxy        : Secured GET /api/v1/document-types
2026-04-03T16:26:35.829-03:00 DEBUG 29984 --- [despachantes-api] [nio-8081-exec-8] o.s.security.web.FilterChainProxy        : Securing GET /api/v1/document-types
2026-04-03T16:26:35.830-03:00 DEBUG 29984 --- [despachantes-api] [nio-8081-exec-8] o.s.s.o.s.r.a.JwtAuthenticationProvider  : Authenticated token
2026-04-03T16:26:35.830-03:00 DEBUG 29984 --- [despachantes-api] [nio-8081-exec-8] .s.r.w.a.BearerTokenAuthenticationFilter : Set SecurityContextHolder to JwtAuthenticationToken [Principal=org.springframework.security.oauth2.jwt.Jwt@9a17e42a, Credentials=[PROTECTED], Authenticated=true, Details=WebAuthenticationDetails [RemoteIpAddress=0:0:0:0:0:0:0:1, SessionId=null], Granted Authorities=[ROLE_JEFE]]
2026-04-03T16:26:35.830-03:00 DEBUG 29984 --- [despachantes-api] [nio-8081-exec-8] o.s.security.web.FilterChainProxy        : Secured GET /api/v1/document-types
2026-04-03T16:26:38.845-03:00 DEBUG 29984 --- [despachantes-api] [nio-8081-exec-3] o.s.security.web.FilterChainProxy        : Securing OPTIONS /api/v1/workflow-states?operationType=IMPORTACION
2026-04-03T16:26:38.845-03:00 DEBUG 29984 --- [despachantes-api] [nio-8081-exec-2] o.s.security.web.FilterChainProxy        : Securing OPTIONS /api/v1/workflow-states?operationType=IMPORTACION
2026-04-03T16:26:38.849-03:00 DEBUG 29984 --- [despachantes-api] [nio-8081-exec-5] o.s.security.web.FilterChainProxy        : Securing GET /api/v1/workflow-states?operationType=IMPORTACION
2026-04-03T16:26:38.853-03:00 DEBUG 29984 --- [despachantes-api] [nio-8081-exec-5] o.s.s.o.s.r.a.JwtAuthenticationProvider  : Authenticated token
2026-04-03T16:26:38.853-03:00 DEBUG 29984 --- [despachantes-api] [nio-8081-exec-5] .s.r.w.a.BearerTokenAuthenticationFilter : Set SecurityContextHolder to JwtAuthenticationToken [Principal=org.springframework.security.oauth2.jwt.Jwt@9a17e42a, Credentials=[PROTECTED], Authenticated=true, Details=WebAuthenticationDetails [RemoteIpAddress=0:0:0:0:0:0:0:1, SessionId=null], Granted Authorities=[ROLE_JEFE]]
2026-04-03T16:26:38.854-03:00 DEBUG 29984 --- [despachantes-api] [nio-8081-exec-5] o.s.security.web.FilterChainProxy        : Secured GET /api/v1/workflow-states?operationType=IMPORTACION
2026-04-03T16:26:38.871-03:00 DEBUG 29984 --- [despachantes-api] [io-8081-exec-10] o.s.security.web.FilterChainProxy        : Securing GET /api/v1/workflow-states?operationType=IMPORTACION
2026-04-03T16:26:38.873-03:00 DEBUG 29984 --- [despachantes-api] [io-8081-exec-10] o.s.s.o.s.r.a.JwtAuthenticationProvider  : Authenticated token
2026-04-03T16:26:38.873-03:00 DEBUG 29984 --- [despachantes-api] [io-8081-exec-10] .s.r.w.a.BearerTokenAuthenticationFilter : Set SecurityContextHolder to JwtAuthenticationToken [Principal=org.springframework.security.oauth2.jwt.Jwt@9a17e42a, Credentials=[PROTECTED], Authenticated=true, Details=WebAuthenticationDetails [RemoteIpAddress=0:0:0:0:0:0:0:1, SessionId=null], Granted Authorities=[ROLE_JEFE]]
2026-04-03T16:26:38.873-03:00 DEBUG 29984 --- [despachantes-api] [io-8081-exec-10] o.s.security.web.FilterChainProxy        : Secured GET /api/v1/workflow-states?operationType=IMPORTACION
